[!] Analysing Root Branch (Non Conditional)

#  0 @0X7FF8B5DFF410 0X40 0X53
#  1 @0X7FF8B5DFF412 0X56
#  2 @0X7FF8B5DFF413 0X57
#  3 @0X7FF8B5DFF414 0X41 0X54
#  4 @0X7FF8B5DFF416 0X41 0X55
#  5 @0X7FF8B5DFF418 0X41 0X56
#  6 @0X7FF8B5DFF41A 0X41 0X57
#  7 @0X7FF8B5DFF41C 0XB8 0XA0 0X20 0X00 0X00
#  8 @0X7FF8B5DFF421 0XE8 0X5D 0X33 0X0E 0X00
#  9 @0X7FF8B5DFF426 0X48 0X2B 0XE0
# 10 @0X7FF8B5DFF429 0X48 0X8B 0X05 0XA0 0X9C 0X2E 0X00
# 11 @0X7FF8B5DFF430 0X48 0X33 0XC4
# 12 @0X7FF8B5DFF433 0X48 0X89 0X84 0X24 0X90 0X20 0X00 0X00
# 13 @0X7FF8B5DFF43B 0X48 0X89 0XA4 0X24 0X70 0X07 0X00 0X00
# 14 @0X7FF8B5DFF443 0X49 0X8B 0XC1
# 15 @0X7FF8B5DFF446 0X48 0X89 0X84 0X24 0X40 0X03 0X00 0X00
# 16 @0X7FF8B5DFF44E 0X49 0X8B 0XF0
# 17 @0X7FF8B5DFF451 0X48 0X8B 0XDA
# 18 @0X7FF8B5DFF454 0X4C 0X8B 0XF9
# 19 @0X7FF8B5DFF457 0X44 0X8B 0XB4 0X24 0X10 0X21 0X00 0X00
# 20 @0X7FF8B5DFF45F 0X48 0X89 0X8C 0X24 0X98 0X01 0X00 0X00
# 21 @0X7FF8B5DFF467 0X48 0X89 0X94 0X24 0X18 0X01 0X00 0X00
# 22 @0X7FF8B5DFF46F 0X4C 0X89 0X84 0X24 0X08 0X01 0X00 0X00
# 23 @0X7FF8B5DFF477 0X48 0X89 0X84 0X24 0X28 0X04 0X00 0X00
# 24 @0X7FF8B5DFF47F 0X48 0X89 0X84 0X24 0XE8 0X05 0X00 0X00
# 25 @0X7FF8B5DFF487 0X48 0X89 0X84 0X24 0X18 0X06 0X00 0X00
# 26 @0X7FF8B5DFF48F 0X48 0X89 0X84 0X24 0X08 0X06 0X00 0X00
# 27 @0X7FF8B5DFF497 0X48 0X89 0X84 0X24 0XF8 0X05 0X00 0X00
# 28 @0X7FF8B5DFF49F 0X48 0X8B 0X84 0X24 0X00 0X21 0X00 0X00
# 29 @0X7FF8B5DFF4A7 0X48 0X89 0X84 0X24 0X58 0X03 0X00 0X00
# 30 @0X7FF8B5DFF4AF 0X48 0X89 0X84 0X24 0X30 0X04 0X00 0X00
# 31 @0X7FF8B5DFF4B7 0X48 0X89 0X84 0X24 0XF0 0X05 0X00 0X00
# 32 @0X7FF8B5DFF4BF 0X48 0X89 0X84 0X24 0X20 0X06 0X00 0X00
# 33 @0X7FF8B5DFF4C7 0X48 0X89 0X84 0X24 0X10 0X06 0X00 0X00
# 34 @0X7FF8B5DFF4CF 0X48 0X89 0X84 0X24 0X00 0X06 0X00 0X00
# 35 @0X7FF8B5DFF4D7 0X44 0X89 0XB4 0X24 0XE8 0X00 0X00 0X00
# 36 @0X7FF8B5DFF4DF 0X48 0X8B 0X84 0X24 0X18 0X21 0X00 0X00
# 37 @0X7FF8B5DFF4E7 0X48 0X89 0X84 0X24 0X70 0X01 0X00 0X00
# 38 @0X7FF8B5DFF4EF 0X48 0X8B 0X84 0X24 0X20 0X21 0X00 0X00
# 39 @0X7FF8B5DFF4F7 0X48 0X89 0X84 0X24 0XE0 0X01 0X00 0X00
# 40 @0X7FF8B5DFF4FF 0X48 0X8B 0X84 0X24 0X28 0X21 0X00 0X00
# 41 @0X7FF8B5DFF507 0X48 0X89 0X84 0X24 0XA0 0X03 0X00 0X00
# 42 @0X7FF8B5DFF50F 0X4C 0X8B 0XA4 0X24 0X30 0X21 0X00 0X00
# 43 @0X7FF8B5DFF517 0X4C 0X89 0XA4 0X24 0XB0 0X02 0X00 0X00
# 44 @0X7FF8B5DFF51F 0X4C 0X89 0XA4 0X24 0X90 0X05 0X00 0X00
# 45 @0X7FF8B5DFF527 0X33 0XFF
# 46 @0X7FF8B5DFF529 0X89 0XBC 0X24 0XB8 0X03 0X00 0X00
# 47 @0X7FF8B5DFF530 0X89 0XBC 0X24 0XD0 0X00 0X00 0X00
# 48 @0X7FF8B5DFF537 0X48 0X89 0XBC 0X24 0X00 0X02 0X00 0X00
# 49 @0X7FF8B5DFF53F 0X66 0X89 0XBC 0X24 0X6C 0X01 0X00 0X00
# 50 @0X7FF8B5DFF547 0X89 0XBC 0X24 0XD4 0X01 0X00 0X00
# 51 @0X7FF8B5DFF54E 0X89 0XBC 0X24 0X54 0X01 0X00 0X00
# 52 @0X7FF8B5DFF555 0X89 0XBC 0X24 0X58 0X01 0X00 0X00
# 53 @0X7FF8B5DFF55C 0X48 0X89 0XBC 0X24 0X80 0X05 0X00 0X00
# 54 @0X7FF8B5DFF564 0X48 0X89 0XBC 0X24 0X70 0X05 0X00 0X00
# 55 @0X7FF8B5DFF56C 0X48 0X89 0XBC 0X24 0X38 0X04 0X00 0X00
# 56 @0X7FF8B5DFF574 0X33 0XC0
# 57 @0X7FF8B5DFF576 0X89 0X84 0X24 0X94 0X06 0X00 0X00
# 58 @0X7FF8B5DFF57D 0X33 0XD2
# 59 @0X7FF8B5DFF57F 0X44 0X8D 0X47 0X64
# 60 @0X7FF8B5DFF583 0X48 0X8D 0X8C 0X24 0X90 0X06 0X00 0X00
# 61 @0X7FF8B5DFF58B 0XE8 0XB1 0XC2 0X07 0X00
# 62 @0X7FF8B5DFF590 0X48 0X89 0XBC 0X24 0X68 0X03 0X00 0X00
# 63 @0X7FF8B5DFF598 0X48 0X89 0XBC 0X24 0X50 0X03 0X00 0X00
# 64 @0X7FF8B5DFF5A0 0X33 0XD2
# 65 @0X7FF8B5DFF5A2 0X41 0XB8 0XB8 0X03 0X00 0X00
# 66 @0X7FF8B5DFF5A8 0X48 0X8D 0X8C 0X24 0X30 0X0E 0X00 0X00
# 67 @0X7FF8B5DFF5B0 0XE8 0X8C 0XC2 0X07 0X00
# 68 @0X7FF8B5DFF5B5 0X89 0XBC 0X24 0XC8 0X02 0X00 0X00
# 69 @0X7FF8B5DFF5BC 0X33 0XC0
# 70 @0X7FF8B5DFF5BE 0X0F 0X57 0XC0
# 71 @0X7FF8B5DFF5C1 0X0F 0X11 0X84 0X24 0X78 0X07 0X00 0X00
# 72 @0X7FF8B5DFF5C9 0X0F 0X11 0X84 0X24 0X88 0X07 0X00 0X00
# 73 @0X7FF8B5DFF5D1 0X48 0X89 0X84 0X24 0X98 0X07 0X00 0X00
# 74 @0X7FF8B5DFF5D9 0X89 0X84 0X24 0XA0 0X07 0X00 0X00
# 75 @0X7FF8B5DFF5E0 0X0F 0X11 0X84 0X24 0XA8 0X07 0X00 0X00
# 76 @0X7FF8B5DFF5E8 0X0F 0X11 0X84 0X24 0XB8 0X07 0X00 0X00
# 77 @0X7FF8B5DFF5F0 0X48 0X89 0X84 0X24 0XC8 0X07 0X00 0X00
# 78 @0X7FF8B5DFF5F8 0X89 0X84 0X24 0XD0 0X07 0X00 0X00
# 79 @0X7FF8B5DFF5FF 0X48 0X89 0XBC 0X24 0XA0 0X05 0X00 0X00
# 80 @0X7FF8B5DFF607 0X48 0X89 0XBC 0X24 0X98 0X05 0X00 0X00
# 81 @0X7FF8B5DFF60F 0X0F 0X11 0X84 0X24 0X20 0X03 0X00 0X00
# 82 @0X7FF8B5DFF617 0X0F 0X57 0XC9
# 83 @0X7FF8B5DFF61A 0X0F 0X11 0X8C 0X24 0X80 0X02 0X00 0X00
# 84 @0X7FF8B5DFF622 0X0F 0X11 0X84 0X24 0X50 0X09 0X00 0X00
# 85 @0X7FF8B5DFF62A 0X0F 0X11 0X84 0X24 0X60 0X09 0X00 0X00
# 86 @0X7FF8B5DFF632 0X48 0XC7 0X84 0X24 0XD8 0X05 0X00 0X00 0X12 0X00 0X14 0X00
# 87 @0X7FF8B5DFF63E 0X48 0X8D 0X05 0X3B 0X8D 0X1E 0X00
# 88 @0X7FF8B5DFF645 0X48 0X89 0X84 0X24 0XE0 0X05 0X00 0X00
# 89 @0X7FF8B5DFF64D 0X33 0XD2
# 90 @0X7FF8B5DFF64F 0X44 0X8D 0X47 0X58
# 91 @0X7FF8B5DFF653 0X48 0X8D 0X8C 0X24 0X00 0X05 0X00 0X00
# 92 @0X7FF8B5DFF65B 0XE8 0XE1 0XC1 0X07 0X00
# 93 @0X7FF8B5DFF660 0X89 0XBC 0X24 0XE4 0X03 0X00 0X00
# 94 @0X7FF8B5DFF667 0X89 0XBC 0X24 0X84 0X03 0X00 0X00
# 95 @0X7FF8B5DFF66E 0X89 0XBC 0X24 0XE0 0X03 0X00 0X00
# 96 @0X7FF8B5DFF675 0X33 0XD2
# 97 @0X7FF8B5DFF677 0X44 0X8D 0X47 0X40
# 98 @0X7FF8B5DFF67B 0X48 0X8D 0X8C 0X24 0X10 0X07 0X00 0X00
# 99 @0X7FF8B5DFF683 0XE8 0XB9 0XC1 0X07 0X00
#100 @0X7FF8B5DFF688 0X0F 0X57 0XC0
#101 @0X7FF8B5DFF68B 0X0F 0X11 0X84 0X24 0X60 0X05 0X00 0X00
#102 @0X7FF8B5DFF693 0X48 0X89 0XBC 0X24 0X68 0X04 0X00 0X00
#103 @0X7FF8B5DFF69B 0X89 0XBC 0X24 0XC8 0X03 0X00 0X00
#104 @0X7FF8B5DFF6A2 0X89 0XBC 0X24 0X24 0X02 0X00 0X00
#105 @0X7FF8B5DFF6A9 0X48 0X89 0XBC 0X24 0XE8 0X03 0X00 0X00
#106 @0X7FF8B5DFF6B1 0X48 0X89 0XBC 0X24 0XD0 0X05 0X00 0X00
#107 @0X7FF8B5DFF6B9 0X41 0XBD 0X28 0X04 0X00 0X00
#108 @0X7FF8B5DFF6BF 0X45 0X8B 0XC5
#109 @0X7FF8B5DFF6C2 0X33 0XD2
#110 @0X7FF8B5DFF6C4 0X48 0X8D 0X8C 0X24 0X00 0X0A 0X00 0X00
#111 @0X7FF8B5DFF6CC 0XE8 0X70 0XC1 0X07 0X00
#112 @0X7FF8B5DFF6D1 0X45 0X8B 0XC5
#113 @0X7FF8B5DFF6D4 0X33 0XD2
#114 @0X7FF8B5DFF6D6 0X48 0X8D 0X8C 0X24 0XF0 0X11 0X00 0X00
#115 @0X7FF8B5DFF6DE 0XE8 0X5E 0XC1 0X07 0X00
#116 @0X7FF8B5DFF6E3 0X48 0X89 0XBC 0X24 0X08 0X02 0X00 0X00
#117 @0X7FF8B5DFF6EB 0X0F 0X57 0XC0
#118 @0X7FF8B5DFF6EE 0X0F 0X11 0X84 0X24 0XC0 0X05 0X00 0X00
#119 @0X7FF8B5DFF6F6 0X48 0X89 0XBC 0X24 0XD8 0X01 0X00 0X00
#120 @0X7FF8B5DFF6FE 0X48 0X89 0XBC 0X24 0X08 0X04 0X00 0X00
#121 @0X7FF8B5DFF706 0X40 0X88 0XBC 0X24 0X7B 0X01 0X00 0X00
#122 @0X7FF8B5DFF70E 0X66 0X89 0XBC 0X24 0X88 0X01 0X00 0X00
#123 @0X7FF8B5DFF716 0X66 0X89 0XBC 0X24 0XC0 0X02 0X00 0X00
#124 @0X7FF8B5DFF71E 0X66 0X89 0XBC 0X24 0XA0 0X01 0X00 0X00
#125 @0X7FF8B5DFF726 0X89 0XBC 0X24 0XD4 0X03 0X00 0X00
#126 @0X7FF8B5DFF72D 0X0F 0X11 0X84 0X24 0X80 0X09 0X00 0X00
#127 @0X7FF8B5DFF735 0X0F 0X57 0XC9
#128 @0X7FF8B5DFF738 0X0F 0X11 0X8C 0X24 0X70 0X09 0X00 0X00
#129 @0X7FF8B5DFF740 0X0F 0X11 0X84 0X24 0XB8 0X09 0X00 0X00
#130 @0X7FF8B5DFF748 0X0F 0X11 0X8C 0X24 0XA8 0X09 0X00 0X00
#131 @0X7FF8B5DFF750 0X89 0XBC 0X24 0X80 0X03 0X00 0X00
#132 @0X7FF8B5DFF757 0X48 0X89 0XBC 0X24 0XB0 0X05 0X00 0X00
#133 @0X7FF8B5DFF75F 0X48 0X89 0XBC 0X24 0XB8 0X05 0X00 0X00
#134 @0X7FF8B5DFF767 0X48 0X85 0XDB
#135 @0X7FF8B5DFF76A 0X75 0X0F

[!] Analysing Branch # 1 & Of Height: #01 (Conditional Jump Not Taken)

#  0 @0X7FF8B5DFF76C 0X48 0X85 0XF6
#  1 @0X7FF8B5DFF76F 0X75 0X0A

[!] Analysing Branch Of Linear Index 02 & Of Height: #01 (Conditional Jump Taken)

#  0 @0X7FF8B5DFF77B 0X4D 0X85 0XE4
#  1 @0X7FF8B5DFF77E 0X0F 0X84 0X7F 0X5F 0X00 0X00
#  2 @0X7FF8B5DFF784 0X48 0X8B 0X9C 0X24 0XA0 0X03 0X00 0X00
#  3 @0X7FF8B5DFF78C 0X48 0X85 0XDB
#  4 @0X7FF8B5DFF78F 0X0F 0X84 0X6E 0X5F 0X00 0X00
#  5 @0X7FF8B5DFF795 0X48 0X89 0XBC 0X24 0X60 0X02 0X00 0X00
#  6 @0X7FF8B5DFF79D 0X48 0X89 0XBC 0X24 0XE8 0X01 0X00 0X00
#  7 @0X7FF8B5DFF7A5 0X48 0X89 0XBC 0X24 0X60 0X03 0X00 0X00
#  8 @0X7FF8B5DFF7AD 0X48 0X89 0XBC 0X24 0XF8 0X00 0X00 0X00
#  9 @0X7FF8B5DFF7B5 0X48 0X89 0XBC 0X24 0X90 0X01 0X00 0X00
# 10 @0X7FF8B5DFF7BD 0X48 0X89 0XBC 0X24 0X98 0X03 0X00 0X00
# 11 @0X7FF8B5DFF7C5 0X48 0X89 0XBC 0X24 0X78 0X02 0X00 0X00
# 12 @0X7FF8B5DFF7CD 0X48 0X89 0XBC 0X24 0XA8 0X02 0X00 0X00
# 13 @0X7FF8B5DFF7D5 0X48 0X89 0XBC 0X24 0X90 0X02 0X00 0X00
# 14 @0X7FF8B5DFF7DD 0X89 0XBC 0X24 0XE0 0X04 0X00 0X00
# 15 @0X7FF8B5DFF7E4 0X48 0X89 0XBC 0X24 0X70 0X02 0X00 0X00
# 16 @0X7FF8B5DFF7EC 0X48 0X89 0XBC 0X24 0X30 0X06 0X00 0X00
# 17 @0X7FF8B5DFF7F4 0X48 0X89 0XBC 0X24 0XF0 0X03 0X00 0X00
# 18 @0X7FF8B5DFF7FC 0X48 0X89 0XBC 0X24 0X70 0X04 0X00 0X00
# 19 @0X7FF8B5DFF804 0X40 0X88 0XBC 0X24 0X41 0X01 0X00 0X00
# 20 @0X7FF8B5DFF80C 0X40 0X88 0XBC 0X24 0X44 0X01 0X00 0X00
# 21 @0X7FF8B5DFF814 0X40 0X88 0XBC 0X24 0XF4 0X00 0X00 0X00
# 22 @0X7FF8B5DFF81C 0X40 0X88 0XBC 0X24 0X40 0X01 0X00 0X00
# 23 @0X7FF8B5DFF824 0X48 0X89 0XBC 0X24 0X48 0X03 0X00 0X00
# 24 @0X7FF8B5DFF82C 0X48 0X89 0XBC 0X24 0XA0 0X02 0X00 0X00
# 25 @0X7FF8B5DFF834 0X48 0X89 0XBC 0X24 0X68 0X02 0X00 0X00
# 26 @0X7FF8B5DFF83C 0X89 0XBC 0X24 0XCC 0X01 0X00 0X00
# 27 @0X7FF8B5DFF843 0X48 0X89 0XBC 0X24 0X18 0X03 0X00 0X00
# 28 @0X7FF8B5DFF84B 0X89 0XBC 0X24 0X20 0X02 0X00 0X00
# 29 @0X7FF8B5DFF852 0X48 0X89 0XBC 0X24 0X98 0X02 0X00 0X00
# 30 @0X7FF8B5DFF85A 0X89 0XBC 0X24 0XF8 0X01 0X00 0X00
# 31 @0X7FF8B5DFF861 0X89 0XBC 0X24 0XD0 0X01 0X00 0X00
# 32 @0X7FF8B5DFF868 0X89 0XBC 0X24 0XBC 0X03 0X00 0X00
# 33 @0X7FF8B5DFF86F 0X48 0X89 0XBC 0X24 0X78 0X03 0X00 0X00
# 34 @0X7FF8B5DFF877 0X89 0XBC 0X24 0XB0 0X03 0X00 0X00
# 35 @0X7FF8B5DFF87E 0X48 0X89 0XBC 0X24 0X18 0X04 0X00 0X00
# 36 @0X7FF8B5DFF886 0X89 0XBC 0X24 0XD8 0X02 0X00 0X00
# 37 @0X7FF8B5DFF88D 0X89 0XBC 0X24 0X48 0X01 0X00 0X00
# 38 @0X7FF8B5DFF894 0X89 0XBC 0X24 0XF0 0X00 0X00 0X00
# 39 @0X7FF8B5DFF89B 0X89 0XBC 0X24 0X58 0X02 0X00 0X00
# 40 @0X7FF8B5DFF8A2 0X48 0X89 0XBC 0X24 0XA8 0X05 0X00 0X00
# 41 @0X7FF8B5DFF8AA 0X89 0XBC 0X24 0XC0 0X03 0X00 0X00
# 42 @0X7FF8B5DFF8B1 0X48 0X89 0XBC 0X24 0X88 0X05 0X00 0X00
# 43 @0X7FF8B5DFF8B9 0X48 0X89 0XBC 0X24 0X78 0X05 0X00 0X00
# 44 @0X7FF8B5DFF8C1 0X0F 0X11 0X84 0X24 0X00 0X07 0X00 0X00
# 45 @0X7FF8B5DFF8C9 0X33 0XC0
# 46 @0X7FF8B5DFF8CB 0X0F 0X11 0X8C 0X24 0X90 0X09 0X00 0X00
# 47 @0X7FF8B5DFF8D3 0X48 0X89 0X84 0X24 0XA0 0X09 0X00 0X00
# 48 @0X7FF8B5DFF8DB 0X0F 0X11 0X84 0X24 0XE0 0X09 0X00 0X00
# 49 @0X7FF8B5DFF8E3 0X48 0X89 0X84 0X24 0XF0 0X09 0X00 0X00
# 50 @0X7FF8B5DFF8EB 0X48 0X89 0XBC 0X24 0X00 0X04 0X00 0X00
# 51 @0X7FF8B5DFF8F3 0X89 0XBC 0X24 0X90 0X04 0X00 0X00
# 52 @0X7FF8B5DFF8FA 0X89 0XBC 0X24 0XD0 0X03 0X00 0X00
# 53 @0X7FF8B5DFF901 0X89 0XBC 0X24 0X2C 0X02 0X00 0X00
# 54 @0X7FF8B5DFF908 0X89 0XBC 0X24 0XF4 0X01 0X00 0X00
# 55 @0X7FF8B5DFF90F 0X89 0XBC 0X24 0XC8 0X01 0X00 0X00
# 56 @0X7FF8B5DFF916 0X40 0X88 0XBC 0X24 0X30 0X01 0X00 0X00
# 57 @0X7FF8B5DFF91E 0X0F 0X11 0X84 0X24 0XC8 0X09 0X00 0X00
# 58 @0X7FF8B5DFF926 0X48 0X89 0X84 0X24 0XD8 0X09 0X00 0X00
# 59 @0X7FF8B5DFF92E 0X33 0XD2
# 60 @0X7FF8B5DFF930 0X44 0X8D 0X40 0X58
# 61 @0X7FF8B5DFF934 0X48 0X8D 0X8C 0X24 0XF0 0X08 0X00 0X00
# 62 @0X7FF8B5DFF93C 0XE8 0X00 0XBF 0X07 0X00
# 63 @0X7FF8B5DFF941 0X0F 0X57 0XC0
# 64 @0X7FF8B5DFF944 0X33 0XC0
# 65 @0X7FF8B5DFF946 0X0F 0X11 0X84 0X24 0X40 0X04 0X00 0X00
# 66 @0X7FF8B5DFF94E 0X0F 0X11 0X84 0X24 0X50 0X04 0X00 0X00
# 67 @0X7FF8B5DFF956 0X48 0X89 0X84 0X24 0X60 0X04 0X00 0X00
# 68 @0X7FF8B5DFF95E 0X0F 0X11 0X84 0X24 0X30 0X03 0X00 0X00
# 69 @0X7FF8B5DFF966 0X65 0X48 0X8B 0X04 0X25 0X60 0X00 0X00 0X00
# 70 @0X7FF8B5DFF96F 0X48 0X89 0X84 0X24 0X10 0X04 0X00 0X00
# 71 @0X7FF8B5DFF977 0X4C 0X8B 0X60 0X30
# 72 @0X7FF8B5DFF97B 0X4C 0X89 0XA4 0X24 0XD8 0X00 0X00 0X00
# 73 @0X7FF8B5DFF983 0X4C 0X89 0XA4 0X24 0XC0 0X04 0X00 0X00
# 74 @0X7FF8B5DFF98B 0X40 0X88 0XBC 0X24 0X42 0X01 0X00 0X00
# 75 @0X7FF8B5DFF993 0X40 0X88 0XBC 0X24 0X43 0X01 0X00 0X00
# 76 @0X7FF8B5DFF99B 0X40 0X88 0XBC 0X24 0X68 0X01 0X00 0X00
# 77 @0X7FF8B5DFF9A3 0X0F 0X11 0X84 0X24 0X10 0X02 0X00 0X00
# 78 @0X7FF8B5DFF9AB 0X41 0XBD 0X00 0X01 0X00 0X00
# 79 @0X7FF8B5DFF9B1 0X45 0X8B 0XC5
# 80 @0X7FF8B5DFF9B4 0X33 0XD2
# 81 @0X7FF8B5DFF9B6 0X48 0X8D 0X8C 0X24 0X70 0X1D 0X00 0X00
# 82 @0X7FF8B5DFF9BE 0XE8 0X7E 0XBE 0X07 0X00
# 83 @0X7FF8B5DFF9C3 0X48 0X89 0XBC 0X24 0X50 0X02 0X00 0X00
# 84 @0X7FF8B5DFF9CB 0X48 0X89 0XBC 0X24 0X38 0X02 0X00 0X00
# 85 @0X7FF8B5DFF9D3 0X48 0X89 0XBC 0X24 0X40 0X02 0X00 0X00
# 86 @0X7FF8B5DFF9DB 0X48 0X89 0XBC 0X24 0XB8 0X02 0X00 0X00
# 87 @0X7FF8B5DFF9E3 0X48 0X89 0XBC 0X24 0X80 0X01 0X00 0X00
# 88 @0X7FF8B5DFF9EB 0X48 0X89 0XBC 0X24 0XF8 0X03 0X00 0X00
# 89 @0X7FF8B5DFF9F3 0X40 0X88 0XBC 0X24 0X69 0X01 0X00 0X00
# 90 @0X7FF8B5DFF9FB 0X89 0XBC 0X24 0XB0 0X01 0X00 0X00
# 91 @0X7FF8B5DFFA02 0X48 0X89 0XBC 0X24 0X00 0X01 0X00 0X00
# 92 @0X7FF8B5DFFA0A 0X48 0X89 0XBC 0X24 0X60 0X01 0X00 0X00
# 93 @0X7FF8B5DFFA12 0X89 0XBC 0X24 0X28 0X02 0X00 0X00
# 94 @0X7FF8B5DFFA19 0X48 0X89 0XBC 0X24 0X08 0X03 0X00 0X00
# 95 @0X7FF8B5DFFA21 0X40 0X88 0XBC 0X24 0XF6 0X00 0X00 0X00
# 96 @0X7FF8B5DFFA29 0X40 0X88 0XBC 0X24 0XF5 0X00 0X00 0X00
# 97 @0X7FF8B5DFFA31 0X48 0X89 0XBC 0X24 0X20 0X04 0X00 0X00
# 98 @0X7FF8B5DFFA39 0X48 0X89 0XBC 0X24 0X90 0X03 0X00 0X00
# 99 @0X7FF8B5DFFA41 0X89 0XBC 0X24 0XC4 0X03 0X00 0X00
#100 @0X7FF8B5DFFA48 0X89 0XBC 0X24 0XD4 0X02 0X00 0X00
#101 @0X7FF8B5DFFA4F 0X0F 0X57 0XC0
#102 @0X7FF8B5DFFA52 0X33 0XC0
#103 @0X7FF8B5DFFA54 0X0F 0X11 0X84 0X24 0XD8 0X07 0X00 0X00
#104 @0X7FF8B5DFFA5C 0X0F 0X11 0X84 0X24 0XE8 0X07 0X00 0X00
#105 @0X7FF8B5DFFA64 0X0F 0X11 0X84 0X24 0XF8 0X07 0X00 0X00
#106 @0X7FF8B5DFFA6C 0X48 0X89 0X84 0X24 0X08 0X08 0X00 0X00
#107 @0X7FF8B5DFFA74 0X0F 0X11 0X84 0X24 0X50 0X07 0X00 0X00
#108 @0X7FF8B5DFFA7C 0X48 0X89 0XBC 0X24 0X28 0X06 0X00 0X00
#109 @0X7FF8B5DFFA84 0X8D 0X70 0X01
#110 @0X7FF8B5DFFA87 0X89 0XB4 0X24 0XCC 0X03 0X00 0X00
#111 @0X7FF8B5DFFA8E 0X89 0XBC 0X24 0XEC 0X02 0X00 0X00
#112 @0X7FF8B5DFFA95 0X66 0X89 0XBC 0X24 0X70 0X1E 0X00 0X00
#113 @0X7FF8B5DFFA9D 0X89 0XBC 0X24 0XAC 0X03 0X00 0X00
#114 @0X7FF8B5DFFAA4 0X48 0X89 0XBC 0X24 0X30 0X02 0X00 0X00
#115 @0X7FF8B5DFFAAC 0X89 0XBC 0X24 0XD8 0X03 0X00 0X00
#116 @0X7FF8B5DFFAB3 0X41 0X8B 0XC6
#117 @0X7FF8B5DFFAB6 0X83 0XE0 0X18
#118 @0X7FF8B5DFFAB9 0X3C 0X18
#119 @0X7FF8B5DFFABB 0X74 0X17

[!] Analysing Branch # 3 & Of Height: #02 (Conditional Jump Not Taken)

#  0 @0X7FF8B5DFFABD 0XBA 0X00 0X08 0X00 0X00
#  1 @0X7FF8B5DFFAC2 0X8B 0X8C 0X24 0XE8 0X00 0X00 0X00
#  2 @0X7FF8B5DFFAC9 0X44 0X85 0XF2
#  3 @0X7FF8B5DFFACC 0X74 0X1C

[!] Analysing Branch Of Linear Index 04 & Of Height: #02 (Conditional Jump Taken)

#  0 @0X7FF8B5DFFAD4 0XB9 0X57 0X00 0X00 0X00
#  1 @0X7FF8B5DFFAD9 0X48 0XFF 0X15 0XE0 0X0D 0X1E 0X00
#  2 @0X7FF8B5DFFAE0 0X0F 0X1F 0X44 0X00 0X00
#  3 @0X7FF8B5DFFAE5 0XE9 0X23 0X5C 0X00 0X00

[!] Analysing Branch Of Linear Index 05 & Of Height: #03 (Non Conditional)

#  0 @0X7FF8B5E0570D 0X33 0XC0

[!] Analysing Branch # 6 & Of Height: #03 (Conditional Jump Not Taken)

#  0 @0X7FF8B5DFFACE 0X0F 0XBA 0XE1 0X0C
#  1 @0X7FF8B5DFFAD2 0X73 0X35

[!] Analysing Branch Of Linear Index 07 & Of Height: #03 (Conditional Jump Taken)

#  0 @0X7FF8B5DFFAEA 0X0F 0XBA 0XE1 0X0C
#  1 @0X7FF8B5DFFAEE 0X72 0X19

[!] Analysing Branch # 8 & Of Height: #04 (Conditional Jump Not Taken)

#  0 @0X7FF8B5DFFAF0 0X48 0X8B 0X05 0X99 0XF1 0X2E 0X00
#  1 @0X7FF8B5DFFAF7 0X40 0X38 0XB8 0XF4 0X07 0X00 0X00
#  2 @0X7FF8B5DFFAFE 0X74 0X09

[!] Analysing Branch Of Linear Index 09 & Of Height: #04 (Conditional Jump Taken)

#  0 @0X7FF8B5DFFB09 0XF6 0XC1 0X40
#  1 @0X7FF8B5DFFB0C 0X74 0X05

[!] Analysing Branch #10 & Of Height: #05 (Conditional Jump Not Taken)

#  0 @0X7FF8B5DFFB0E 0X40 0X8A 0XC6
#  1 @0X7FF8B5DFFB11 0XEB 0X55

[!] Analysing Branch Of Linear Index 11 & Of Height: #05 (Conditional Jump Taken)

#  0 @0X7FF8B5DFFB13 0X0F 0XBA 0XE1 0X0E
#  1 @0X7FF8B5DFFB17 0X73 0X07

[!] Analysing Branch #12 & Of Height: #06 (Conditional Jump Not Taken)

#  0 @0X7FF8B5DFFB19 0XB8 0X05 0X00 0X00 0X00
#  1 @0X7FF8B5DFFB1E 0XEB 0X48

[!] Analysing Branch Of Linear Index 13 & Of Height: #06 (Conditional Jump Taken)

#  0 @0X7FF8B5DFFB20 0XF6 0XC1 0X20
#  1 @0X7FF8B5DFFB23 0X74 0X0B

[!] Analysing Branch #14 & Of Height: #07 (Conditional Jump Not Taken)

#  0 @0X7FF8B5DFFB25 0X41 0XBD 0X02 0X00 0X00 0X00
#  1 @0X7FF8B5DFFB2B 0X41 0X8A 0XC5
#  2 @0X7FF8B5DFFB2E 0XEB 0X3E

[!] Analysing Branch Of Linear Index 15 & Of Height: #07 (Conditional Jump Taken)

#  0 @0X7FF8B5DFFB30 0X0F 0XBA 0XE1 0X0F
#  1 @0X7FF8B5DFFB34 0X73 0X04

[!] Analysing Branch #16 & Of Height: #08 (Conditional Jump Not Taken)

#  0 @0X7FF8B5DFFB36 0XB0 0X06
#  1 @0X7FF8B5DFFB38 0XEB 0X2E

[!] Analysing Branch Of Linear Index 17 & Of Height: #08 (Conditional Jump Taken)

#  0 @0X7FF8B5DFFB3A 0X84 0XC9
#  1 @0X7FF8B5DFFB3C 0X79 0X04

[!] Analysing Branch #18 & Of Height: #09 (Conditional Jump Not Taken)

#  0 @0X7FF8B5DFFB3E 0XB0 0X03
#  1 @0X7FF8B5DFFB40 0XEB 0X26

[!] Analysing Branch Of Linear Index 19 & Of Height: #09 (Conditional Jump Taken)

#  0 @0X7FF8B5DFFB42 0X41 0X85 0XCD
#  1 @0X7FF8B5DFFB45 0X74 0X1E

[!] Analysing Branch #20 & Of Height: #10 (Conditional Jump Not Taken)

#  0 @0X7FF8B5DFFB47 0X4D 0X85 0XFF
#  1 @0X7FF8B5DFFB4A 0X0F 0X95 0XC2
#  2 @0X7FF8B5DFFB4D 0X33 0XC9
#  3 @0X7FF8B5DFFB4F 0XE8 0X80 0XD4 0X08 0X00
#  4 @0X7FF8B5DFFB54 0X48 0X85 0XC0
#  5 @0X7FF8B5DFFB57 0X0F 0X95 0XC0
#  6 @0X7FF8B5DFFB5A 0X04 0X03
#  7 @0X7FF8B5DFFB5C 0X8B 0X8C 0X24 0XE8 0X00 0X00 0X00
#  8 @0X7FF8B5DFFB63 0XEB 0X03

[!] Analysing Branch Of Linear Index 21 & Of Height: #10 (Conditional Jump Taken)

#  0 @0X7FF8B5DFFB65 0X40 0X8A 0XC7

[!] Analysing Branch #22 & Of Height: #11 (Conditional Jump Not Taken)

#  0 @0X7FF8B5DFFB88 0X83 0X8C 0X24 0XF0 0X00 0X00 0X00 0X40

[!] Analysing Branch Of Linear Index 23 & Of Height: #11 (Conditional Jump Taken)

#  0 @0X7FF8B5DFFB90 0X0F 0XBA 0XE1 0X18
#  1 @0X7FF8B5DFFB94 0X73 0X07

[!] Analysing Branch #24 & Of Height: #12 (Conditional Jump Not Taken)

#  0 @0X7FF8B5DFFB96 0X09 0XB4 0X24 0XF0 0X00 0X00 0X00

[!] Analysing Branch Of Linear Index 25 & Of Height: #12 (Conditional Jump Taken)

#  0 @0X7FF8B5DFFB9D 0X0F 0XBA 0XE1 0X10
#  1 @0X7FF8B5DFFBA1 0X73 0X09

[!] Analysing Branch #26 & Of Height: #13 (Conditional Jump Not Taken)

#  0 @0X7FF8B5DFFBA3 0X0F 0XBA 0XAC 0X24 0XF0 0X00 0X00 0X00 0X08

[!] Analysing Branch Of Linear Index 27 & Of Height: #13 (Conditional Jump Taken)

#  0 @0X7FF8B5DFFBAC 0XF6 0X84 0X24 0XE8 0X00 0X00 0X00 0X04
#  1 @0X7FF8B5DFFBB4 0X75 0X09

[!] Analysing Branch #28 & Of Height: #14 (Conditional Jump Not Taken)

#  0 @0X7FF8B5DFFBB6 0X0F 0XBA 0XAC 0X24 0XF0 0X00 0X00 0X00 0X09

[!] Analysing Branch Of Linear Index 29 & Of Height: #14 (Conditional Jump Taken)

#  0 @0X7FF8B5DFFBBF 0XF6 0X84 0X24 0XE8 0X00 0X00 0X00 0X03
#  1 @0X7FF8B5DFFBC7 0X74 0X42

[!] Analysing Branch #30 & Of Height: #15 (Conditional Jump Not Taken)

#  0 @0X7FF8B5DFFBC9 0X48 0XFF 0X15 0X70 0X1D 0X1E 0X00
#  1 @0X7FF8B5DFFBD0 0X0F 0X1F 0X44 0X00 0X00
#  2 @0X7FF8B5DFFBD5 0X85 0XC0
#  3 @0X7FF8B5DFFBD7 0X79 0X07

[!] Analysing Branch Of Linear Index 31 & Of Height: #15 (Conditional Jump Taken)

#  0 @0X7FF8B5DFFC0B 0X48 0X8B 0X8C 0X24 0X98 0X03 0X00 0X00

[!] Analysing Branch #32 & Of Height: #16 (Conditional Jump Not Taken)

#  0 @0X7FF8B5DFFCA2 0X48 0XC7 0X84 0X24 0X68 0X0A 0X00 0X00 0X01 0X00 0X06 0X00
#  1 @0X7FF8B5DFFCAE 0X4C 0X89 0XBC 0X24 0X70 0X0A 0X00 0X00
#  2 @0X7FF8B5DFFCB6 0X48 0X89 0XBC 0X24 0X80 0X0A 0X00 0X00
#  3 @0X7FF8B5DFFCBE 0X48 0X89 0X8C 0X24 0X78 0X0A 0X00 0X00
#  4 @0X7FF8B5DFFCC6 0XC7 0X84 0X24 0XD4 0X00 0X00 0X00 0X04 0X00 0X00 0X00
#  5 @0X7FF8B5DFFCD1 0XB8 0X04 0X00 0X00 0X00

[!] Analysing Branch Of Linear Index 33 & Of Height: #16 (Conditional Jump Taken)

#  0 @0X7FF8B5DFFCD6 0X40 0X38 0XBC 0X24 0X78 0X01 0X00 0X00
#  1 @0X7FF8B5DFFCDE 0X74 0X61

[!] Analysing Branch #34 & Of Height: #17 (Conditional Jump Not Taken)

#  0 @0X7FF8B5DFFCE0 0X48 0XC1 0XE0 0X05
#  1 @0X7FF8B5DFFCE4 0X48 0XC7 0X84 0X04 0X08 0X0A 0X00 0X00 0X08 0X00 0X02 0X00
#  2 @0X7FF8B5DFFCF0 0X8B 0X84 0X24 0XD4 0X00 0X00 0X00
#  3 @0X7FF8B5DFFCF7 0X48 0XC1 0XE0 0X05
#  4 @0X7FF8B5DFFCFB 0X48 0X89 0XB4 0X04 0X10 0X0A 0X00 0X00
#  5 @0X7FF8B5DFFD03 0X8B 0X84 0X24 0XD4 0X00 0X00 0X00
#  6 @0X7FF8B5DFFD0A 0X48 0XC1 0XE0 0X05
#  7 @0X7FF8B5DFFD0E 0X48 0X89 0XBC 0X04 0X20 0X0A 0X00 0X00
#  8 @0X7FF8B5DFFD16 0X8B 0X84 0X24 0XD4 0X00 0X00 0X00
#  9 @0X7FF8B5DFFD1D 0X48 0XC1 0XE0 0X05
# 10 @0X7FF8B5DFFD21 0X48 0X8D 0X8C 0X24 0X78 0X01 0X00 0X00
# 11 @0X7FF8B5DFFD29 0X48 0X89 0X8C 0X04 0X18 0X0A 0X00 0X00
# 12 @0X7FF8B5DFFD31 0X8B 0X84 0X24 0XD4 0X00 0X00 0X00
# 13 @0X7FF8B5DFFD38 0X03 0XC6
# 14 @0X7FF8B5DFFD3A 0X89 0X84 0X24 0XD4 0X00 0X00 0X00

[!] Analysing Branch Of Linear Index 35 & Of Height: #17 (Conditional Jump Taken)

#  0 @0X7FF8B5DFFD41 0XF7 0X84 0X24 0XE8 0X00 0X00 0X00 0X00 0X00 0X00 0X04
#  1 @0X7FF8B5DFFD4C 0X74 0X6C

[!] Analysing Branch #36 & Of Height: #18 (Conditional Jump Not Taken)

#  0 @0X7FF8B5DFFD4E 0X89 0XB4 0X24 0X84 0X03 0X00 0X00
#  1 @0X7FF8B5DFFD55 0X48 0XC1 0XE0 0X05
#  2 @0X7FF8B5DFFD59 0X48 0XC7 0X84 0X04 0X08 0X0A 0X00 0X00 0X09 0X00 0X02 0X00
#  3 @0X7FF8B5DFFD65 0X8B 0X84 0X24 0XD4 0X00 0X00 0X00
#  4 @0X7FF8B5DFFD6C 0X48 0XC1 0XE0 0X05
#  5 @0X7FF8B5DFFD70 0X48 0XC7 0X84 0X04 0X10 0X0A 0X00 0X00 0X04 0X00 0X00 0X00
#  6 @0X7FF8B5DFFD7C 0X8B 0X84 0X24 0XD4 0X00 0X00 0X00
#  7 @0X7FF8B5DFFD83 0X48 0XC1 0XE0 0X05
#  8 @0X7FF8B5DFFD87 0X48 0X89 0XBC 0X04 0X20 0X0A 0X00 0X00
#  9 @0X7FF8B5DFFD8F 0X8B 0X84 0X24 0XD4 0X00 0X00 0X00
# 10 @0X7FF8B5DFFD96 0X48 0XC1 0XE0 0X05
# 11 @0X7FF8B5DFFD9A 0X48 0X8D 0X8C 0X24 0X84 0X03 0X00 0X00
# 12 @0X7FF8B5DFFDA2 0X48 0X89 0X8C 0X04 0X18 0X0A 0X00 0X00
# 13 @0X7FF8B5DFFDAA 0X8B 0X84 0X24 0XD4 0X00 0X00 0X00
# 14 @0X7FF8B5DFFDB1 0X03 0XC6
# 15 @0X7FF8B5DFFDB3 0X89 0X84 0X24 0XD4 0X00 0X00 0X00

[!] Analysing Branch Of Linear Index 37 & Of Height: #18 (Conditional Jump Taken)

#  0 @0X7FF8B5DFFDBA 0X41 0XBD 0X00 0X00 0X40 0X00
#  1 @0X7FF8B5DFFDC0 0X44 0X85 0XAC 0X24 0XE8 0X00 0X00 0X00
#  2 @0X7FF8B5DFFDC8 0X74 0X58

[!] Analysing Branch #38 & Of Height: #19 (Conditional Jump Not Taken)

#  0 @0X7FF8B5DFFDCA 0X48 0XC1 0XE0 0X05
#  1 @0X7FF8B5DFFDCE 0X48 0XC7 0X84 0X04 0X08 0X0A 0X00 0X00 0X12 0X00 0X02 0X00
#  2 @0X7FF8B5DFFDDA 0X8B 0X84 0X24 0XD4 0X00 0X00 0X00
#  3 @0X7FF8B5DFFDE1 0X48 0XC1 0XE0 0X05
#  4 @0X7FF8B5DFFDE5 0X4C 0X89 0XBC 0X04 0X10 0X0A 0X00 0X00
#  5 @0X7FF8B5DFFDED 0X8B 0X84 0X24 0XD4 0X00 0X00 0X00
#  6 @0X7FF8B5DFFDF4 0X48 0XC1 0XE0 0X05
#  7 @0X7FF8B5DFFDF8 0X48 0X89 0XBC 0X04 0X20 0X0A 0X00 0X00
#  8 @0X7FF8B5DFFE00 0X8B 0X84 0X24 0XD4 0X00 0X00 0X00
#  9 @0X7FF8B5DFFE07 0X48 0XC1 0XE0 0X05
# 10 @0X7FF8B5DFFE0B 0X48 0X8D 0X8C 0X24 0XC8 0X09 0X00 0X00
# 11 @0X7FF8B5DFFE13 0X48 0X89 0X8C 0X04 0X18 0X0A 0X00 0X00
# 12 @0X7FF8B5DFFE1B 0X01 0XB4 0X24 0XD4 0X00 0X00 0X00

[!] Analysing Branch Of Linear Index 39 & Of Height: #19 (Conditional Jump Taken)

#  0 @0X7FF8B5DFFE22 0X0F 0X57 0XC0
#  1 @0X7FF8B5DFFE25 0X33 0XC0
#  2 @0X7FF8B5DFFE27 0X4C 0X8B 0XB4 0X24 0XB0 0X02 0X00 0X00
#  3 @0X7FF8B5DFFE2F 0X41 0X0F 0X11 0X06
#  4 @0X7FF8B5DFFE33 0X49 0X89 0X46 0X10
#  5 @0X7FF8B5DFFE37 0X48 0X8B 0X8C 0X24 0X70 0X01 0X00 0X00
#  6 @0X7FF8B5DFFE3F 0X48 0X85 0XC9
#  7 @0X7FF8B5DFFE42 0X74 0X63

[!] Analysing Branch #40 & Of Height: #20 (Conditional Jump Not Taken)

#  0 @0X7FF8B5DFFE44 0XF7 0X84 0X24 0XE8 0X00 0X00 0X00 0X00 0X04 0X00 0X00
#  1 @0X7FF8B5DFFE4F 0X75 0X56

[!] Analysing Branch Of Linear Index 41 & Of Height: #20 (Conditional Jump Taken)

#  0 @0X7FF8B5DFFEA7 0X0F 0X10 0X13
#  1 @0X7FF8B5DFFEAA 0X0F 0X29 0X94 0X24 0X90 0X06 0X00 0X00
#  2 @0X7FF8B5DFFEB2 0X0F 0X10 0X43 0X10
#  3 @0X7FF8B5DFFEB6 0X0F 0X29 0X84 0X24 0XA0 0X06 0X00 0X00
#  4 @0X7FF8B5DFFEBE 0X0F 0X10 0X4B 0X20
#  5 @0X7FF8B5DFFEC2 0X0F 0X29 0X8C 0X24 0XB0 0X06 0X00 0X00
#  6 @0X7FF8B5DFFECA 0X0F 0X10 0X43 0X30
#  7 @0X7FF8B5DFFECE 0X0F 0X29 0X84 0X24 0XC0 0X06 0X00 0X00
#  8 @0X7FF8B5DFFED6 0X0F 0X10 0X4B 0X40
#  9 @0X7FF8B5DFFEDA 0X0F 0X29 0X8C 0X24 0XD0 0X06 0X00 0X00
# 10 @0X7FF8B5DFFEE2 0X0F 0X10 0X43 0X50
# 11 @0X7FF8B5DFFEE6 0X0F 0X29 0X84 0X24 0XE0 0X06 0X00 0X00
# 12 @0X7FF8B5DFFEEE 0XF2 0X0F 0X10 0X4B 0X60
# 13 @0X7FF8B5DFFEF3 0XF2 0X0F 0X11 0X8C 0X24 0XF0 0X06 0X00 0X00
# 14 @0X7FF8B5DFFEFC 0X41 0XBE 0X00 0X00 0X08 0X00
# 15 @0X7FF8B5DFFF02 0X44 0X85 0XB4 0X24 0XE8 0X00 0X00 0X00
# 16 @0X7FF8B5DFFF0A 0X0F 0X84 0X31 0X02 0X00 0X00
# 17 @0X7FF8B5DFFF10 0X66 0X0F 0X7E 0XD0
# 18 @0X7FF8B5DFFF14 0X83 0XF8 0X70
# 19 @0X7FF8B5DFFF17 0X74 0X16

[!] Analysing Branch #42 & Of Height: #21 (Conditional Jump Not Taken)

#  0 @0X7FF8B5DFFF19 0XB9 0X0D 0X00 0X00 0XC0

[!] Analysing Branch Of Linear Index 43 & Of Height: #21 (Conditional Jump Taken)

#  0 @0X7FF8B5DFFF2F 0X48 0X8B 0X4B 0X68
#  1 @0X7FF8B5DFFF33 0X48 0X89 0X8C 0X24 0XD8 0X01 0X00 0X00
#  2 @0X7FF8B5DFFF3B 0X48 0X85 0XC9
#  3 @0X7FF8B5DFFF3E 0X0F 0X84 0XFD 0X01 0X00 0X00
#  4 @0X7FF8B5DFFF44 0XC7 0X84 0X24 0XC0 0X00 0X00 0X00 0X1C 0X00 0X00 0X00
#  5 @0X7FF8B5DFFF4F 0X48 0X8D 0X84 0X24 0XD4 0X00 0X00 0X00
#  6 @0X7FF8B5DFFF57 0X48 0X89 0X84 0X24 0XB8 0X00 0X00 0X00
#  7 @0X7FF8B5DFFF5F 0X48 0X8D 0X84 0X24 0X00 0X0A 0X00 0X00
#  8 @0X7FF8B5DFFF67 0X48 0X89 0X84 0X24 0XB0 0X00 0X00 0X00
#  9 @0X7FF8B5DFFF6F 0X48 0X8D 0X84 0X24 0XF0 0X00 0X00 0X00
# 10 @0X7FF8B5DFFF77 0X48 0X89 0X84 0X24 0XA8 0X00 0X00 0X00
# 11 @0X7FF8B5DFFF7F 0X48 0X8D 0X84 0X24 0XC8 0X09 0X00 0X00
# 12 @0X7FF8B5DFFF87 0X48 0X89 0X84 0X24 0XA0 0X00 0X00 0X00
# 13 @0X7FF8B5DFFF8F 0X48 0X8D 0X84 0X24 0X28 0X06 0X00 0X00
# 14 @0X7FF8B5DFFF97 0X48 0X89 0X84 0X24 0X98 0X00 0X00 0X00
# 15 @0X7FF8B5DFFF9F 0X48 0X8D 0X84 0X24 0X50 0X07 0X00 0X00
# 16 @0X7FF8B5DFFFA7 0X48 0X89 0X84 0X24 0X90 0X00 0X00 0X00
# 17 @0X7FF8B5DFFFAF 0X48 0X8D 0X84 0X24 0XD8 0X07 0X00 0X00
# 18 @0X7FF8B5DFFFB7 0X48 0X89 0X84 0X24 0X88 0X00 0X00 0X00
# 19 @0X7FF8B5DFFFBF 0X48 0X8D 0X84 0X24 0X80 0X03 0X00 0X00
# 20 @0X7FF8B5DFFFC7 0X48 0X89 0X84 0X24 0X80 0X00 0X00 0X00
# 21 @0X7FF8B5DFFFCF 0X48 0X8D 0X84 0X24 0XC8 0X01 0X00 0X00
# 22 @0X7FF8B5DFFFD7 0X48 0X89 0X44 0X24 0X78
# 23 @0X7FF8B5DFFFDC 0X48 0X8D 0X84 0X24 0X40 0X04 0X00 0X00
# 24 @0X7FF8B5DFFFE4 0X48 0X89 0X44 0X24 0X70
# 25 @0X7FF8B5DFFFE9 0X48 0X8D 0X84 0X24 0X18 0X04 0X00 0X00
# 26 @0X7FF8B5DFFFF1 0X48 0X89 0X44 0X24 0X68
# 27 @0X7FF8B5DFFFF6 0X48 0X8D 0X84 0X24 0X90 0X04 0X00 0X00
# 28 @0X7FF8B5DFFFFE 0X48 0X89 0X44 0X24 0X60
# 29 @0X7FF8B5E00003 0X48 0X8D 0X84 0X24 0XD0 0X03 0X00 0X00
# 30 @0X7FF8B5E0000B 0X48 0X89 0X44 0X24 0X58
# 31 @0X7FF8B5E00010 0X48 0X8D 0X84 0X24 0X00 0X04 0X00 0X00
# 32 @0X7FF8B5E00018 0X48 0X89 0X44 0X24 0X50
# 33 @0X7FF8B5E0001D 0X48 0X8D 0X84 0X24 0XE0 0X09 0X00 0X00
# 34 @0X7FF8B5E00025 0X48 0X89 0X44 0X24 0X48
# 35 @0X7FF8B5E0002A 0X48 0X8D 0X84 0X24 0X90 0X09 0X00 0X00
# 36 @0X7FF8B5E00032 0X48 0X89 0X44 0X24 0X40
# 37 @0X7FF8B5E00037 0X48 0X8D 0X84 0X24 0X00 0X07 0X00 0X00
# 38 @0X7FF8B5E0003F 0X48 0X89 0X44 0X24 0X38
# 39 @0X7FF8B5E00044 0X48 0X8D 0X84 0X24 0X48 0X03 0X00 0X00
# 40 @0X7FF8B5E0004C 0X48 0X89 0X44 0X24 0X30
# 41 @0X7FF8B5E00051 0X48 0X8D 0X84 0X24 0X69 0X01 0X00 0X00
# 42 @0X7FF8B5E00059 0X48 0X89 0X44 0X24 0X28
# 43 @0X7FF8B5E0005E 0X48 0X8D 0X84 0X24 0XB8 0X02 0X00 0X00
# 44 @0X7FF8B5E00066 0X48 0X89 0X44 0X24 0X20
# 45 @0X7FF8B5E0006B 0X4C 0X8D 0X8C 0X24 0X10 0X02 0X00 0X00
# 46 @0X7FF8B5E00073 0X4C 0X8D 0X84 0X24 0X58 0X02 0X00 0X00
# 47 @0X7FF8B5E0007B 0X33 0XD2
# 48 @0X7FF8B5E0007D 0XE8 0X1A 0XE2 0X01 0X00
# 49 @0X7FF8B5E00082 0X89 0X84 0X24 0XE0 0X00 0X00 0X00
# 50 @0X7FF8B5E00089 0X85 0XC0
# 51 @0X7FF8B5E0008B 0X79 0X07

[!] Analysing Branch #44 & Of Height: #22 (Conditional Jump Not Taken)

#  0 @0X7FF8B5E0008D 0X8B 0XC8
#  1 @0X7FF8B5E0008F 0XE9 0X8A 0XFE 0XFF 0XFF

[!] Analysing Branch Of Linear Index 45 & Of Height: #22 (Conditional Jump Taken)

#  0 @0X7FF8B5E00094 0XE8 0X8B 0X5A 0X0D 0X00
#  1 @0X7FF8B5E00099 0X85 0XC0
#  2 @0X7FF8B5E0009B 0X74 0X3F

[!] Analysing Branch #46 & Of Height: #23 (Conditional Jump Not Taken)

#  0 @0X7FF8B5E0009D 0X39 0XBC 0X24 0X80 0X03 0X00 0X00
#  1 @0X7FF8B5E000A4 0X74 0X36

[!] Analysing Branch Of Linear Index 47 & Of Height: #23 (Conditional Jump Taken)

#  0 @0X7FF8B5E000DC 0X48 0X8B 0X84 0X24 0XD8 0X01 0X00 0X00
#  1 @0X7FF8B5E000E4 0X8B 0X08
#  2 @0X7FF8B5E000E6 0X0F 0XBA 0XE1 0X08
#  3 @0X7FF8B5E000EA 0X73 0X16

[!] Analysing Branch #48 & Of Height: #24 (Conditional Jump Not Taken)

#  0 @0X7FF8B5E000EC 0X40 0X88 0XB4 0X24 0X42 0X01 0X00 0X00
#  1 @0X7FF8B5E000F4 0X48 0X39 0XBC 0X24 0XB8 0X02 0X00 0X00
#  2 @0X7FF8B5E000FC 0X0F 0X85 0X17 0XFE 0XFF 0XFF

[!] Analysing Branch Of Linear Index 49 & Of Height: #24 (Conditional Jump Taken)

#  0 @0X7FF8B5E00102 0X41 0X85 0XCE
#  1 @0X7FF8B5E00105 0X8B 0X84 0X24 0X2C 0X02 0X00 0X00
#  2 @0X7FF8B5E0010C 0X0F 0X45 0XC6
#  3 @0X7FF8B5E0010F 0X89 0X84 0X24 0X2C 0X02 0X00 0X00
#  4 @0X7FF8B5E00116 0XF6 0X84 0X24 0X58 0X02 0X00 0X00 0X04
#  5 @0X7FF8B5E0011E 0X74 0X09

[!] Analysing Branch #50 & Of Height: #25 (Conditional Jump Not Taken)

#  0 @0X7FF8B5E00120 0X0F 0XBA 0XAC 0X24 0XF0 0X00 0X00 0X00 0X0A

[!] Analysing Branch Of Linear Index 51 & Of Height: #25 (Conditional Jump Taken)

#  0 @0X7FF8B5E00129 0X48 0X8B 0X84 0X24 0XD8 0X01 0X00 0X00
#  1 @0X7FF8B5E00131 0XF7 0X00 0X00 0X00 0X00 0X20
#  2 @0X7FF8B5E00137 0X74 0X08

[!] Analysing Branch #52 & Of Height: #26 (Conditional Jump Not Taken)

#  0 @0X7FF8B5E00139 0X44 0X09 0XAC 0X24 0XE8 0X00 0X00 0X00

[!] Analysing Branch Of Linear Index 53 & Of Height: #26 (Conditional Jump Taken)

#  0 @0X7FF8B5E00141 0XBB 0X00 0X08 0X00 0X00
#  1 @0X7FF8B5E00146 0X85 0X9C 0X24 0XE8 0X00 0X00 0X00
#  2 @0X7FF8B5E0014D 0X75 0X45

[!] Analysing Branch #54 & Of Height: #27 (Conditional Jump Not Taken)

#  0 @0X7FF8B5E0014F 0X48 0X83 0XC9 0XFF
#  1 @0X7FF8B5E00153 0X48 0X39 0XBC 0X24 0X48 0X03 0X00 0X00
#  2 @0X7FF8B5E0015B 0X48 0X0F 0X45 0X8C 0X24 0X48 0X03 0X00 0X00
#  3 @0X7FF8B5E00164 0X4C 0X8D 0X84 0X24 0XE4 0X03 0X00 0X00
#  4 @0X7FF8B5E0016C 0X33 0XD2
#  5 @0X7FF8B5E0016E 0XE8 0XDD 0X92 0X03 0X00
#  6 @0X7FF8B5E00173 0X85 0XC0
#  7 @0X7FF8B5E00175 0X74 0X1D

[!] Analysing Branch Of Linear Index 55 & Of Height: #27 (Conditional Jump Taken)

#  0 @0X7FF8B5E00194 0X8B 0X84 0X24 0XCC 0X06 0X00 0X00
#  1 @0X7FF8B5E0019B 0X0F 0XBA 0XE0 0X08
#  2 @0X7FF8B5E0019F 0X73 0X12

[!] Analysing Branch #56 & Of Height: #28 (Conditional Jump Not Taken)

#  0 @0X7FF8B5E001A1 0XA9 0X00 0X06 0X00 0X00
#  1 @0X7FF8B5E001A6 0X74 0X0B

[!] Analysing Branch Of Linear Index 57 & Of Height: #28 (Conditional Jump Taken)

#  0 @0X7FF8B5E001B3 0X48 0X39 0XBC 0X24 0XE0 0X01 0X00 0X00
#  1 @0X7FF8B5E001BB 0X0F 0X84 0XB5 0X00 0X00 0X00
#  2 @0X7FF8B5E001C1 0X41 0XBE 0X06 0X02 0X00 0X00
#  3 @0X7FF8B5E001C7 0X45 0X8B 0XC6
#  4 @0X7FF8B5E001CA 0X33 0XD2
#  5 @0X7FF8B5E001CC 0X49 0X8B 0XCC
#  6 @0X7FF8B5E001CF 0X48 0XFF 0X15 0XFA 0X1B 0X1E 0X00
#  7 @0X7FF8B5E001D6 0X0F 0X1F 0X44 0X00 0X00
#  8 @0X7FF8B5E001DB 0X48 0X89 0X84 0X24 0X70 0X02 0X00 0X00
#  9 @0X7FF8B5E001E3 0X48 0X85 0XC0
# 10 @0X7FF8B5E001E6 0X75 0X0A

[!] Analysing Branch #58 & Of Height: #29 (Conditional Jump Not Taken)

#  0 @0X7FF8B5E001E8 0XB9 0X17 0X00 0X00 0XC0
#  1 @0X7FF8B5E001ED 0XE9 0X2C 0XFD 0XFF 0XFF

[!] Analysing Branch Of Linear Index 59 & Of Height: #29 (Conditional Jump Taken)

#  0 @0X7FF8B5E001F2 0X89 0XBC 0X24 0X10 0X01 0X00 0X00
#  1 @0X7FF8B5E001F9 0X48 0X8D 0X84 0X24 0X10 0X01 0X00 0X00
#  2 @0X7FF8B5E00201 0X48 0X89 0X44 0X24 0X20
#  3 @0X7FF8B5E00206 0X4C 0X8D 0X8C 0X24 0X30 0X06 0X00 0X00
#  4 @0X7FF8B5E0020E 0X4C 0X8B 0X84 0X24 0X70 0X02 0X00 0X00
#  5 @0X7FF8B5E00216 0X41 0X8B 0XD6
#  6 @0X7FF8B5E00219 0X48 0X8B 0X8C 0X24 0XE0 0X01 0X00 0X00
#  7 @0X7FF8B5E00221 0X48 0XFF 0X15 0X68 0X1A 0X1E 0X00
#  8 @0X7FF8B5E00228 0X0F 0X1F 0X44 0X00 0X00
#  9 @0X7FF8B5E0022D 0X85 0XC0
# 10 @0X7FF8B5E0022F 0X79 0X07

[!] Analysing Branch #60 & Of Height: #30 (Conditional Jump Not Taken)

#  0 @0X7FF8B5E00231 0X8B 0XC8
#  1 @0X7FF8B5E00233 0XE8 0X38 0X1F 0XF9 0XFF

[!] Analysing Branch Of Linear Index 61 & Of Height: #30 (Conditional Jump Taken)

#  0 @0X7FF8B5E00238 0X8B 0X84 0X24 0X10 0X01 0X00 0X00
#  1 @0X7FF8B5E0023F 0XD1 0XE8
#  2 @0X7FF8B5E00241 0X3D 0X04 0X01 0X00 0X00
#  3 @0X7FF8B5E00246 0X72 0X16

[!] Analysing Branch #62 & Of Height: #31 (Conditional Jump Not Taken)

#  0 @0X7FF8B5E00248 0XB9 0X0B 0X01 0X00 0X00
#  1 @0X7FF8B5E0024D 0X48 0XFF 0X15 0X6C 0X06 0X1E 0X00
#  2 @0X7FF8B5E00254 0X0F 0X1F 0X44 0X00 0X00
#  3 @0X7FF8B5E00259 0XE9 0XC5 0XFC 0XFF 0XFF

[!] Analysing Branch Of Linear Index 63 & Of Height: #31 (Conditional Jump Taken)

#  0 @0X7FF8B5E0025E 0X85 0XC0
#  1 @0X7FF8B5E00260 0X0F 0X84 0XBD 0XFC 0XFF 0XFF
#  2 @0X7FF8B5E00266 0X48 0X8B 0X84 0X24 0X70 0X02 0X00 0X00
#  3 @0X7FF8B5E0026E 0X48 0X89 0X84 0X24 0XE0 0X01 0X00 0X00
#  4 @0X7FF8B5E00276 0X4C 0X8D 0X8C 0X24 0XA0 0X05 0X00 0X00
#  5 @0X7FF8B5E0027E 0X45 0X33 0XC0
#  6 @0X7FF8B5E00281 0X48 0X8B 0X94 0X24 0X40 0X03 0X00 0X00
#  7 @0X7FF8B5E00289 0X48 0X8D 0X8C 0X24 0X78 0X07 0X00 0X00
#  8 @0X7FF8B5E00291 0XE8 0XDA 0XCC 0XFB 0XFF
#  9 @0X7FF8B5E00296 0X89 0X84 0X24 0XE0 0X00 0X00 0X00
# 10 @0X7FF8B5E0029D 0X85 0XC0
# 11 @0X7FF8B5E0029F 0X0F 0X88 0XE8 0XFD 0XFF 0XFF
# 12 @0X7FF8B5E002A5 0X4C 0X8D 0X8C 0X24 0X98 0X05 0X00 0X00
# 13 @0X7FF8B5E002AD 0X45 0X33 0XC0
# 14 @0X7FF8B5E002B0 0X48 0X8B 0X94 0X24 0X58 0X03 0X00 0X00
# 15 @0X7FF8B5E002B8 0X48 0X8D 0X8C 0X24 0XA8 0X07 0X00 0X00
# 16 @0X7FF8B5E002C0 0XE8 0XAB 0XCC 0XFB 0XFF
# 17 @0X7FF8B5E002C5 0X89 0X84 0X24 0XE0 0X00 0X00 0X00
# 18 @0X7FF8B5E002CC 0X85 0XC0
# 19 @0X7FF8B5E002CE 0X0F 0X88 0XB9 0XFD 0XFF 0XFF
# 20 @0X7FF8B5E002D4 0X8B 0X84 0X24 0XD4 0X00 0X00 0X00
# 21 @0X7FF8B5E002DB 0X89 0X84 0X24 0X98 0X04 0X00 0X00
# 22 @0X7FF8B5E002E2 0X48 0X8B 0X84 0X24 0X18 0X01 0X00 0X00
# 23 @0X7FF8B5E002EA 0X48 0X89 0X84 0X24 0XA8 0X04 0X00 0X00
# 24 @0X7FF8B5E002F2 0X48 0X8B 0X84 0X24 0X08 0X01 0X00 0X00
# 25 @0X7FF8B5E002FA 0X48 0X89 0X84 0X24 0XB0 0X04 0X00 0X00
# 26 @0X7FF8B5E00302 0X48 0X8B 0X84 0X24 0X98 0X01 0X00 0X00
# 27 @0X7FF8B5E0030A 0X48 0X89 0X84 0X24 0X10 0X03 0X00 0X00
# 28 @0X7FF8B5E00312 0X48 0X8B 0X84 0X24 0X70 0X01 0X00 0X00
# 29 @0X7FF8B5E0031A 0X48 0X89 0X84 0X24 0X38 0X06 0X00 0X00
# 30 @0X7FF8B5E00322 0X8B 0X84 0X24 0X98 0X04 0X00 0X00
# 31 @0X7FF8B5E00329 0X89 0X84 0X24 0XD4 0X00 0X00 0X00
# 32 @0X7FF8B5E00330 0X39 0XBC 0X24 0X08 0X21 0X00 0X00
# 33 @0X7FF8B5E00337 0X74 0X11

[!] Analysing Branch #64 & Of Height: #32 (Conditional Jump Not Taken)

#  0 @0X7FF8B5E00339 0X40 0X38 0XBC 0X24 0X69 0X01 0X00 0X00
#  1 @0X7FF8B5E00341 0X89 0XB4 0X24 0X10 0X01 0X00 0X00
#  2 @0X7FF8B5E00348 0X74 0X07

[!] Analysing Branch Of Linear Index 65 & Of Height: #32 (Conditional Jump Taken)

#  0 @0X7FF8B5E0034A 0X89 0XBC 0X24 0X10 0X01 0X00 0X00

[!] Analysing Branch #66 & Of Height: #33 (Conditional Jump Not Taken)

#  0 @0X7FF8B5E00396 0X39 0XB0 0X24 0X02 0X00 0X00
#  1 @0X7FF8B5E0039C 0X74 0X09

[!] Analysing Branch Of Linear Index 67 & Of Height: #33 (Conditional Jump Taken)

#  0 @0X7FF8B5E003A7 0X48 0X8B 0X94 0X24 0X00 0X01 0X00 0X00
#  1 @0X7FF8B5E003AF 0X48 0X85 0XD2
#  2 @0X7FF8B5E003B2 0X74 0X1B

[!] Analysing Branch #68 & Of Height: #34 (Conditional Jump Not Taken)

#  0 @0X7FF8B5E003B4 0X39 0X72 0X20
#  1 @0X7FF8B5E003B7 0X74 0X16

[!] Analysing Branch Of Linear Index 69 & Of Height: #34 (Conditional Jump Taken)

#  0 @0X7FF8B5E003CF 0X48 0X8B 0X8C 0X24 0X40 0X02 0X00 0X00
#  1 @0X7FF8B5E003D7 0X48 0X85 0XC9
#  2 @0X7FF8B5E003DA 0X74 0X30

[!] Analysing Branch #70 & Of Height: #35 (Conditional Jump Not Taken)

#  0 @0X7FF8B5E003DC 0X48 0X8B 0X84 0X24 0XA8 0X04 0X00 0X00
#  1 @0X7FF8B5E003E4 0X48 0X89 0X84 0X24 0X18 0X01 0X00 0X00
#  2 @0X7FF8B5E003EC 0X48 0X8B 0X84 0X24 0XB0 0X04 0X00 0X00
#  3 @0X7FF8B5E003F4 0X48 0X89 0X84 0X24 0X08 0X01 0X00 0X00
#  4 @0X7FF8B5E003FC 0X48 0X89 0X8C 0X24 0XC0 0X01 0X00 0X00
#  5 @0X7FF8B5E00404 0X48 0X89 0X8C 0X24 0X98 0X01 0X00 0X00

[!] Analysing Branch Of Linear Index 71 & Of Height: #35 (Conditional Jump Taken)

#  0 @0X7FF8B5E0040C 0XE8 0X47 0X47 0X07 0X00
#  1 @0X7FF8B5E00411 0X85 0XC0
#  2 @0X7FF8B5E00413 0X74 0X2A

[!] Analysing Branch #72 & Of Height: #36 (Conditional Jump Not Taken)

#  0 @0X7FF8B5E00415 0X40 0X38 0XBC 0X24 0X68 0X01 0X00 0X00
#  1 @0X7FF8B5E0041D 0X74 0X20

[!] Analysing Branch Of Linear Index 73 & Of Height: #36 (Conditional Jump Taken)

#  0 @0X7FF8B5E0043F 0X48 0X8B 0X84 0X24 0X78 0X02 0X00 0X00
#  1 @0X7FF8B5E00447 0X48 0X85 0XC0
#  2 @0X7FF8B5E0044A 0X74 0X3B

[!] Analysing Branch #74 & Of Height: #37 (Conditional Jump Not Taken)

#  0 @0X7FF8B5E0044C 0X48 0X39 0X84 0X24 0X18 0X01 0X00 0X00
#  1 @0X7FF8B5E00454 0X75 0X10

[!] Analysing Branch Of Linear Index 75 & Of Height: #37 (Conditional Jump Taken)

#  0 @0X7FF8B5E00487 0X4C 0X8B 0X84 0X24 0X68 0X03 0X00 0X00
#  1 @0X7FF8B5E0048F 0X4D 0X85 0XC0
#  2 @0X7FF8B5E00492 0X74 0X19

[!] Analysing Branch #76 & Of Height: #38 (Conditional Jump Not Taken)

#  0 @0X7FF8B5E00494 0X33 0XD2
#  1 @0X7FF8B5E00496 0X49 0X8B 0XCC
#  2 @0X7FF8B5E00499 0X48 0XFF 0X15 0X98 0X0D 0X1E 0X00
#  3 @0X7FF8B5E004A0 0X0F 0X1F 0X44 0X00 0X00
#  4 @0X7FF8B5E004A5 0X48 0X89 0XBC 0X24 0X68 0X03 0X00 0X00

[!] Analysing Branch Of Linear Index 77 & Of Height: #38 (Conditional Jump Taken)

#  0 @0X7FF8B5E004AD 0X48 0X8D 0X8C 0X24 0X20 0X03 0X00 0X00
#  1 @0X7FF8B5E004B5 0X48 0XFF 0X15 0XD4 0X02 0X1E 0X00
#  2 @0X7FF8B5E004BC 0X0F 0X1F 0X44 0X00 0X00
#  3 @0X7FF8B5E004C1 0X48 0X8B 0X9C 0X24 0XA0 0X02 0X00 0X00
#  4 @0X7FF8B5E004C9 0X48 0X85 0XDB
#  5 @0X7FF8B5E004CC 0X74 0X3B

[!] Analysing Branch #78 & Of Height: #39 (Conditional Jump Not Taken)

#  0 @0X7FF8B5E004CE 0X48 0X39 0X9C 0X24 0X08 0X01 0X00 0X00
#  1 @0X7FF8B5E004D6 0X75 0X10

[!] Analysing Branch Of Linear Index 79 & Of Height: #39 (Conditional Jump Taken)

#  0 @0X7FF8B5E00509 0X48 0X8B 0X8C 0X24 0XE8 0X01 0X00 0X00
#  1 @0X7FF8B5E00511 0X48 0X85 0XC9
#  2 @0X7FF8B5E00514 0X74 0X14

[!] Analysing Branch #80 & Of Height: #40 (Conditional Jump Not Taken)

#  0 @0X7FF8B5E00516 0X48 0XFF 0X15 0XAB 0X09 0X1E 0X00
#  1 @0X7FF8B5E0051D 0X0F 0X1F 0X44 0X00 0X00
#  2 @0X7FF8B5E00522 0X48 0X89 0XBC 0X24 0XE8 0X01 0X00 0X00

[!] Analysing Branch Of Linear Index 81 & Of Height: #40 (Conditional Jump Taken)

#  0 @0X7FF8B5E0052A 0X48 0X8B 0X8C 0X24 0X38 0X02 0X00 0X00
#  1 @0X7FF8B5E00532 0X48 0X85 0XC9
#  2 @0X7FF8B5E00535 0X74 0X14

[!] Analysing Branch #82 & Of Height: #41 (Conditional Jump Not Taken)

#  0 @0X7FF8B5E00537 0X48 0XFF 0X15 0X8A 0X09 0X1E 0X00
#  1 @0X7FF8B5E0053E 0X0F 0X1F 0X44 0X00 0X00
#  2 @0X7FF8B5E00543 0X48 0X89 0XBC 0X24 0X38 0X02 0X00 0X00

[!] Analysing Branch Of Linear Index 83 & Of Height: #41 (Conditional Jump Taken)

#  0 @0X7FF8B5E0054B 0X48 0X8B 0X8C 0X24 0X50 0X02 0X00 0X00
#  1 @0X7FF8B5E00553 0X48 0X85 0XC9
#  2 @0X7FF8B5E00556 0X74 0X14

[!] Analysing Branch #84 & Of Height: #42 (Conditional Jump Not Taken)

#  0 @0X7FF8B5E00558 0X48 0XFF 0X15 0X71 0X15 0X1E 0X00
#  1 @0X7FF8B5E0055F 0X0F 0X1F 0X44 0X00 0X00
#  2 @0X7FF8B5E00564 0X48 0X89 0XBC 0X24 0X50 0X02 0X00 0X00

[!] Analysing Branch Of Linear Index 85 & Of Height: #42 (Conditional Jump Taken)

#  0 @0X7FF8B5E0056C 0X48 0X8B 0X84 0X24 0X80 0X01 0X00 0X00
#  1 @0X7FF8B5E00574 0X48 0X85 0XC0
#  2 @0X7FF8B5E00577 0X74 0X31

[!] Analysing Branch #86 & Of Height: #43 (Conditional Jump Not Taken)

#  0 @0X7FF8B5E00579 0X48 0X8B 0X8C 0X24 0XF8 0X03 0X00 0X00
#  1 @0X7FF8B5E00581 0X48 0X85 0XC9
#  2 @0X7FF8B5E00584 0X74 0X14

[!] Analysing Branch Of Linear Index 87 & Of Height: #43 (Conditional Jump Taken)

#  0 @0X7FF8B5E005AA 0X48 0X8B 0X8C 0X24 0X60 0X03 0X00 0X00
#  1 @0X7FF8B5E005B2 0X48 0X85 0XC9
#  2 @0X7FF8B5E005B5 0X74 0X14

[!] Analysing Branch #88 & Of Height: #44 (Conditional Jump Not Taken)

#  0 @0X7FF8B5E005B7 0X48 0XFF 0X15 0X0A 0X09 0X1E 0X00
#  1 @0X7FF8B5E005BE 0X0F 0X1F 0X44 0X00 0X00
#  2 @0X7FF8B5E005C3 0X48 0X89 0XBC 0X24 0X60 0X03 0X00 0X00

[!] Analysing Branch Of Linear Index 89 & Of Height: #44 (Conditional Jump Taken)

#  0 @0X7FF8B5E005CB 0X48 0X39 0XBC 0X24 0X90 0X01 0X00 0X00
#  1 @0X7FF8B5E005D3 0X74 0X72

[!] Analysing Branch #90 & Of Height: #45 (Conditional Jump Not Taken)

#  0 @0X7FF8B5E005D5 0X48 0X8B 0X84 0X24 0X98 0X03 0X00 0X00
#  1 @0X7FF8B5E005DD 0X48 0X85 0XC0
#  2 @0X7FF8B5E005E0 0X74 0X17

[!] Analysing Branch Of Linear Index 91 & Of Height: #45 (Conditional Jump Taken)

#  0 @0X7FF8B5E00647 0X48 0X8B 0X8C 0X24 0XF8 0X00 0X00 0X00
#  1 @0X7FF8B5E0064F 0X48 0X85 0XC9
#  2 @0X7FF8B5E00652 0X74 0X14

[!] Analysing Branch #92 & Of Height: #46 (Conditional Jump Not Taken)

#  0 @0X7FF8B5E00654 0X48 0XFF 0X15 0X6D 0X08 0X1E 0X00
#  1 @0X7FF8B5E0065B 0X0F 0X1F 0X44 0X00 0X00
#  2 @0X7FF8B5E00660 0X48 0X89 0XBC 0X24 0XF8 0X00 0X00 0X00

[!] Analysing Branch Of Linear Index 93 & Of Height: #46 (Conditional Jump Taken)

#  0 @0X7FF8B5E00668 0XE8 0X07 0XE3 0X07 0X00
#  1 @0X7FF8B5E0066D 0X84 0XC0
#  2 @0X7FF8B5E0066F 0X74 0X51

[!] Analysing Branch #94 & Of Height: #47 (Conditional Jump Not Taken)

#  0 @0X7FF8B5E00671 0X4C 0X8B 0X84 0X24 0X98 0X02 0X00 0X00
#  1 @0X7FF8B5E00679 0X48 0X8B 0X94 0X24 0X18 0X03 0X00 0X00
#  2 @0X7FF8B5E00681 0X48 0X8B 0X8C 0X24 0X68 0X02 0X00 0X00
#  3 @0X7FF8B5E00689 0X48 0XFF 0X15 0XF0 0X5F 0X30 0X00
#  4 @0X7FF8B5E00690 0X0F 0X1F 0X44 0X00 0X00
#  5 @0X7FF8B5E00695 0X48 0X89 0XBC 0X24 0X68 0X02 0X00 0X00
#  6 @0X7FF8B5E0069D 0X89 0XBC 0X24 0XCC 0X01 0X00 0X00
#  7 @0X7FF8B5E006A4 0X48 0X89 0XBC 0X24 0X18 0X03 0X00 0X00
#  8 @0X7FF8B5E006AC 0X89 0XBC 0X24 0X20 0X02 0X00 0X00
#  9 @0X7FF8B5E006B3 0X48 0X89 0XBC 0X24 0X98 0X02 0X00 0X00
# 10 @0X7FF8B5E006BB 0X89 0XBC 0X24 0XF8 0X01 0X00 0X00

[!] Analysing Branch Of Linear Index 95 & Of Height: #47 (Conditional Jump Taken)

#  0 @0X7FF8B5E006C2 0X39 0XBC 0X24 0X58 0X01 0X00 0X00
#  1 @0X7FF8B5E006C9 0X75 0X30

[!] Analysing Branch #96 & Of Height: #48 (Conditional Jump Not Taken)

#  0 @0X7FF8B5E006CB 0XE8 0XA4 0XE2 0X07 0X00
#  1 @0X7FF8B5E006D0 0X84 0XC0
#  2 @0X7FF8B5E006D2 0X74 0X27

[!] Analysing Branch Of Linear Index 97 & Of Height: #48 (Conditional Jump Taken)

#  0 @0X7FF8B5E006FB 0X48 0X8B 0X8C 0X24 0X90 0X02 0X00 0X00
#  1 @0X7FF8B5E00703 0X48 0X85 0XC9
#  2 @0X7FF8B5E00706 0X74 0X14

[!] Analysing Branch #98 & Of Height: #49 (Conditional Jump Not Taken)

#  0 @0X7FF8B5E00708 0X48 0XFF 0X15 0X39 0X06 0X1E 0X00
#  1 @0X7FF8B5E0070F 0X0F 0X1F 0X44 0X00 0X00
#  2 @0X7FF8B5E00714 0X48 0X89 0XBC 0X24 0X90 0X02 0X00 0X00

[!] Analysing Branch Of Linear Index 99 & Of Height: #49 (Conditional Jump Taken)

#  0 @0X7FF8B5E0071C 0X48 0X8D 0X8C 0X24 0X40 0X04 0X00 0X00
#  1 @0X7FF8B5E00724 0XE8 0XEF 0XF0 0X04 0X00
#  2 @0X7FF8B5E00729 0X44 0X8A 0XE7
#  3 @0X7FF8B5E0072C 0X40 0X88 0XBC 0X24 0XB5 0X01 0X00 0X00
#  4 @0X7FF8B5E00734 0X44 0X8A 0XEF
#  5 @0X7FF8B5E00737 0X40 0X88 0XBC 0X24 0X7A 0X01 0X00 0X00
#  6 @0X7FF8B5E0073F 0X89 0XB4 0X24 0XCC 0X02 0X00 0X00
#  7 @0X7FF8B5E00746 0X48 0X39 0XBC 0X24 0X18 0X01 0X00 0X00
#  8 @0X7FF8B5E0074E 0X0F 0X85 0XC4 0X02 0X00 0X00
#  9 @0X7FF8B5E00754 0X33 0XD2
# 10 @0X7FF8B5E00756 0X41 0XB8 0X08 0X02 0X00 0X00
# 11 @0X7FF8B5E0075C 0X48 0X8B 0X9C 0X24 0XD8 0X00 0X00 0X00
# 12 @0X7FF8B5E00764 0X48 0X8B 0XCB
# 13 @0X7FF8B5E00767 0X48 0XFF 0X15 0X62 0X16 0X1E 0X00
# 14 @0X7FF8B5E0076E 0X0F 0X1F 0X44 0X00 0X00
# 15 @0X7FF8B5E00773 0X48 0X89 0X84 0X24 0X78 0X02 0X00 0X00
# 16 @0X7FF8B5E0077B 0X48 0X85 0XC0
# 17 @0X7FF8B5E0077E 0X75 0X16

[!] Analysing Branch #100 & Of Height: #50 (Conditional Jump Not Taken)

#  0 @0X7FF8B5E00780 0XB9 0X17 0X00 0X00 0XC0
#  1 @0X7FF8B5E00785 0XE8 0XE6 0X19 0XF9 0XFF
#  2 @0X7FF8B5E0078A 0X89 0XBC 0X24 0XD0 0X00 0X00 0X00
#  3 @0X7FF8B5E00791 0XE9 0X1C 0X3F 0X00 0X00

[!] Analysing Branch Of Linear Index 101 & Of Height: #50 (Conditional Jump Taken)

#  0 @0X7FF8B5E00796 0X44 0X8B 0XF7
#  1 @0X7FF8B5E00799 0X89 0XBC 0X24 0XD0 0X04 0X00 0X00
#  2 @0X7FF8B5E007A0 0X48 0X8B 0X84 0X24 0X08 0X01 0X00 0X00
#  3 @0X7FF8B5E007A8 0X48 0X89 0X84 0X24 0X18 0X01 0X00 0X00
#  4 @0X7FF8B5E007B0 0X48 0X89 0X84 0X24 0X00 0X02 0X00 0X00
#  5 @0X7FF8B5E007B8 0X48 0X8B 0XD8
#  6 @0X7FF8B5E007BB 0X48 0X89 0X84 0X24 0X70 0X03 0X00 0X00
#  7 @0X7FF8B5E007C3 0X66 0X83 0X38 0X22
#  8 @0X7FF8B5E007C7 0X75 0X51

[!] Analysing Branch #102 & Of Height: #51 (Conditional Jump Not Taken)

#  0 @0X7FF8B5E007C9 0X44 0X8A 0XFF
#  1 @0X7FF8B5E007CC 0X40 0X88 0XBC 0X24 0X79 0X01 0X00 0X00
#  2 @0X7FF8B5E007D4 0X48 0X8D 0X58 0X02
#  3 @0X7FF8B5E007D8 0X48 0X89 0X9C 0X24 0X70 0X03 0X00 0X00
#  4 @0X7FF8B5E007E0 0X48 0X89 0X9C 0X24 0X18 0X01 0X00 0X00

[!] Analysing Branch Of Linear Index 103 & Of Height: #51 (Conditional Jump Taken)

#  0 @0X7FF8B5E0081A 0X44 0X8A 0XFE
#  1 @0X7FF8B5E0081D 0X40 0X88 0XB4 0X24 0X79 0X01 0X00 0X00

[!] Analysing Branch #104 & Of Height: #52 (Conditional Jump Not Taken)

#  0 @0X7FF8B5E0083A 0X66 0X39 0X03
#  1 @0X7FF8B5E0083D 0X74 0X1B

[!] Analysing Branch Of Linear Index 105 & Of Height: #52 (Conditional Jump Taken)

#  0 @0X7FF8B5E00862 0X4C 0X8B 0X84 0X24 0X00 0X02 0X00 0X00
#  1 @0X7FF8B5E0086A 0X41 0X0F 0XB7 0X00
#  2 @0X7FF8B5E0086E 0X66 0X89 0X84 0X24 0X6C 0X01 0X00 0X00
#  3 @0X7FF8B5E00876 0X66 0X41 0X89 0X38
#  4 @0X7FF8B5E0087A 0X48 0X8B 0X8C 0X24 0X50 0X03 0X00 0X00
#  5 @0X7FF8B5E00882 0X48 0X85 0XC9
#  6 @0X7FF8B5E00885 0X74 0X14

[!] Analysing Branch #106 & Of Height: #53 (Conditional Jump Not Taken)

#  0 @0X7FF8B5E00887 0X48 0XFF 0X15 0XDA 0X0C 0X1E 0X00
#  1 @0X7FF8B5E0088E 0X0F 0X1F 0X44 0X00 0X00
#  2 @0X7FF8B5E00893 0X48 0X89 0XBC 0X24 0X50 0X03 0X00 0X00

[!] Analysing Branch Of Linear Index 107 & Of Height: #53 (Conditional Jump Taken)

#  0 @0X7FF8B5E0089B 0X48 0X8D 0X94 0X24 0X50 0X03 0X00 0X00
#  1 @0X7FF8B5E008A3 0X48 0X8B 0X8C 0X24 0X18 0X01 0X00 0X00
#  2 @0X7FF8B5E008AB 0X48 0XFF 0X15 0X36 0X13 0X1E 0X00
#  3 @0X7FF8B5E008B2 0X0F 0X1F 0X44 0X00 0X00
#  4 @0X7FF8B5E008B7 0X89 0X84 0X24 0XE0 0X00 0X00 0X00
#  5 @0X7FF8B5E008BE 0X8B 0XCF
#  6 @0X7FF8B5E008C0 0X85 0XC0
#  7 @0X7FF8B5E008C2 0X0F 0X99 0XC1
#  8 @0X7FF8B5E008C5 0X85 0XC9
#  9 @0X7FF8B5E008C7 0X0F 0X84 0XC0 0XF7 0XFF 0XFF
# 10 @0X7FF8B5E008CD 0X48 0X89 0X7C 0X24 0X28
# 11 @0X7FF8B5E008D2 0X48 0X8B 0X84 0X24 0X78 0X02 0X00 0X00
# 12 @0X7FF8B5E008DA 0X48 0X89 0X44 0X24 0X20
# 13 @0X7FF8B5E008DF 0X41 0XB9 0X04 0X01 0X00 0X00
# 14 @0X7FF8B5E008E5 0X4C 0X8D 0X05 0X94 0XB2 0X1E 0X00
# 15 @0X7FF8B5E008EC 0X48 0X8B 0X94 0X24 0X18 0X01 0X00 0X00
# 16 @0X7FF8B5E008F4 0X48 0X8B 0X8C 0X24 0X50 0X03 0X00 0X00
# 17 @0X7FF8B5E008FC 0XE8 0X3F 0X74 0X03 0X00
# 18 @0X7FF8B5E00901 0X89 0X84 0X24 0XB8 0X03 0X00 0X00
# 19 @0X7FF8B5E00908 0X85 0XC0
# 20 @0X7FF8B5E0090A 0X74 0X15

[!] Analysing Branch #108 & Of Height: #54 (Conditional Jump Not Taken)

#  0 @0X7FF8B5E0090C 0X3D 0X04 0X01 0X00 0X00
#  1 @0X7FF8B5E00911 0X0F 0X82 0XA0 0X00 0X00 0X00
#  2 @0X7FF8B5E00917 0XB9 0X06 0X01 0X00 0XC0
#  3 @0X7FF8B5E0091C 0XE8 0X4F 0X18 0XF9 0XFF

[!] Analysing Branch Of Linear Index 109 & Of Height: #54 (Conditional Jump Taken)

#  0 @0X7FF8B5E00921 0X45 0X85 0XF6
#  1 @0X7FF8B5E00924 0X75 0X39

[!] Analysing Branch #110 & Of Height: #55 (Conditional Jump Not Taken)

#  0 @0X7FF8B5E00926 0X65 0X44 0X8B 0X34 0X25 0X68 0X00 0X00 0X00
#  1 @0X7FF8B5E0092F 0X44 0X89 0XB4 0X24 0XD0 0X04 0X00 0X00
#  2 @0X7FF8B5E00937 0X48 0X8B 0X9C 0X24 0X70 0X03 0X00 0X00
#  3 @0X7FF8B5E0093F 0X44 0X8A 0XAC 0X24 0X7A 0X01 0X00 0X00
#  4 @0X7FF8B5E00947 0X44 0X8A 0XBC 0X24 0X79 0X01 0X00 0X00
#  5 @0X7FF8B5E0094F 0X48 0X8B 0X84 0X24 0X98 0X01 0X00 0X00
#  6 @0X7FF8B5E00957 0X48 0X89 0X84 0X24 0XC0 0X01 0X00 0X00

[!] Analysing Branch Of Linear Index 111 & Of Height: #55 (Conditional Jump Taken)

#  0 @0X7FF8B5E0095F 0X48 0X8B 0X8C 0X24 0X00 0X02 0X00 0X00
#  1 @0X7FF8B5E00967 0X0F 0XB7 0X84 0X24 0X6C 0X01 0X00 0X00
#  2 @0X7FF8B5E0096F 0X66 0X89 0X01
#  3 @0X7FF8B5E00972 0X66 0X39 0X3B
#  4 @0X7FF8B5E00975 0X0F 0X84 0X95 0X00 0X00 0X00
#  5 @0X7FF8B5E0097B 0X45 0X84 0XFF
#  6 @0X7FF8B5E0097E 0X0F 0X84 0X8C 0X00 0X00 0X00
#  7 @0X7FF8B5E00984 0X48 0X83 0XC3 0X02
#  8 @0X7FF8B5E00988 0X48 0X89 0X9C 0X24 0X70 0X03 0X00 0X00
#  9 @0X7FF8B5E00990 0X48 0X89 0X9C 0X24 0X00 0X02 0X00 0X00
# 10 @0X7FF8B5E00998 0X44 0X8A 0XE6
# 11 @0X7FF8B5E0099B 0X40 0X88 0XB4 0X24 0XB5 0X01 0X00 0X00
# 12 @0X7FF8B5E009A3 0X89 0XBC 0X24 0XCC 0X02 0X00 0X00
# 13 @0X7FF8B5E009AA 0X48 0X8B 0X84 0X24 0X08 0X01 0X00 0X00
# 14 @0X7FF8B5E009B2 0XE9 0X6E 0XFE 0XFF 0XFF

[!] Analysing Branch Of Linear Index 112 & Of Height: #52 (Non Conditional)

#  0 @0X7FF8B5E00825 0X48 0X89 0X84 0X24 0X18 0X01 0X00 0X00
#  1 @0X7FF8B5E0082D 0XB8 0X20 0X00 0X00 0X00
#  2 @0X7FF8B5E00832 0X8D 0X48 0XE9

[!] Analysing Branch #113 & Of Height: #53 (Conditional Jump Not Taken)

#  0 @0X7FF8B5E0083F 0X66 0X39 0X0B
#  1 @0X7FF8B5E00842 0X74 0X16

[!] Analysing Branch Of Linear Index 114 & Of Height: #53 (Conditional Jump Taken)

#  0 @0X7FF8B5E0085A 0X48 0X89 0X9C 0X24 0X00 0X02 0X00 0X00

[!] Analysing Branch #115 & Of Height: #54 (Conditional Jump Not Taken)

#  0 @0X7FF8B5E00844 0X48 0X83 0XC3 0X02
#  1 @0X7FF8B5E00848 0X48 0X89 0X9C 0X24 0X70 0X03 0X00 0X00
#  2 @0X7FF8B5E00850 0X48 0X89 0X9C 0X24 0X00 0X02 0X00 0X00
#  3 @0X7FF8B5E00858 0XEB 0XDB

[!] Analysing Branch Of Linear Index 116 & Of Height: #53 (Non Conditional)

#  0 @0X7FF8B5E00835 0X66 0X39 0X3B
#  1 @0X7FF8B5E00838 0X74 0X28

[!] Analysing Branch #117 & Of Height: #52 (Conditional Jump Not Taken)

#  0 @0X7FF8B5E007ED 0X66 0X83 0X3B 0X22
#  1 @0X7FF8B5E007F1 0X75 0X11

[!] Analysing Branch #118 & Of Height: #53 (Conditional Jump Not Taken)

#  0 @0X7FF8B5E007F3 0X48 0X89 0X9C 0X24 0X00 0X02 0X00 0X00
#  1 @0X7FF8B5E007FB 0X89 0XBC 0X24 0XCC 0X02 0X00 0X00
#  2 @0X7FF8B5E00802 0XEB 0X5E

[!] Analysing Branch Of Linear Index 119 & Of Height: #53 (Conditional Jump Taken)

#  0 @0X7FF8B5E00804 0X48 0X83 0XC3 0X02
#  1 @0X7FF8B5E00808 0X48 0X89 0X9C 0X24 0X70 0X03 0X00 0X00
#  2 @0X7FF8B5E00810 0X48 0X89 0X9C 0X24 0X00 0X02 0X00 0X00
#  3 @0X7FF8B5E00818 0XEB 0XCE

[!] Analysing Branch Of Linear Index 120 & Of Height: #52 (Non Conditional)

#  0 @0X7FF8B5E007E8 0X66 0X39 0X3B
#  1 @0X7FF8B5E007EB 0X74 0X75

[!] Analysing Branch Of Linear Index 121 & Of Height: #51 (Non Conditional)

#  0 @0X7FF8B5E046B2 0X49 0XBD 0X00 0X00 0X00 0X00
#  1 @0X7FF8B5E046B8 0X00 0X40 0X00
#  2 @0X7FF8B5E046BB 0X00 0X41 0XBC
#  3 @0X7FF8B5E046BE 0X08 0X00
#  4 @0X7FF8B5E046C0 0X00 0X00
#  5 @0X7FF8B5E046C2 0X65 0X48 0X8B 0X04 0X25 0X30 0X00 0X00 0X00
#  6 @0X7FF8B5E046CB 0X44 0X8B 0X78 0X68
#  7 @0X7FF8B5E046CF 0X4C 0X8B 0X84 0X24 0XA8 0X02 0X00 0X00
#  8 @0X7FF8B5E046D7 0X4D 0X85 0XC0
#  9 @0X7FF8B5E046DA 0X74 0X11

[!] Analysing Branch #122 & Of Height: #52 (Conditional Jump Not Taken)

#  0 @0X7FF8B5E046DC 0X33 0XD2
#  1 @0X7FF8B5E046DE 0X48 0X8B 0XCB
#  2 @0X7FF8B5E046E1 0X48 0XFF 0X15 0X50 0XCB 0X1D 0X00
#  3 @0X7FF8B5E046E8 0X0F 0X1F 0X44 0X00 0X00

[!] Analysing Branch Of Linear Index 123 & Of Height: #52 (Conditional Jump Taken)

#  0 @0X7FF8B5E046ED 0X4C 0X8B 0X84 0X24 0X68 0X03 0X00 0X00
#  1 @0X7FF8B5E046F5 0X4D 0X85 0XC0
#  2 @0X7FF8B5E046F8 0X74 0X11

[!] Analysing Branch #124 & Of Height: #53 (Conditional Jump Not Taken)

#  0 @0X7FF8B5E046FA 0X33 0XD2
#  1 @0X7FF8B5E046FC 0X48 0X8B 0XCB
#  2 @0X7FF8B5E046FF 0X48 0XFF 0X15 0X32 0XCB 0X1D 0X00
#  3 @0X7FF8B5E04706 0X0F 0X1F 0X44 0X00 0X00

[!] Analysing Branch Of Linear Index 125 & Of Height: #53 (Conditional Jump Taken)

#  0 @0X7FF8B5E0470B 0X48 0X8D 0X8C 0X24 0X20 0X03 0X00 0X00
#  1 @0X7FF8B5E04713 0X48 0XFF 0X15 0X76 0XC0 0X1D 0X00
#  2 @0X7FF8B5E0471A 0X0F 0X1F 0X44 0X00 0X00
#  3 @0X7FF8B5E0471F 0X39 0XBC 0X24 0X58 0X01 0X00 0X00
#  4 @0X7FF8B5E04726 0X75 0X1D

[!] Analysing Branch #126 & Of Height: #54 (Conditional Jump Not Taken)

#  0 @0X7FF8B5E04728 0XE8 0X47 0XA2 0X07 0X00
#  1 @0X7FF8B5E0472D 0X84 0XC0
#  2 @0X7FF8B5E0472F 0X74 0X14

[!] Analysing Branch Of Linear Index 127 & Of Height: #54 (Conditional Jump Taken)

#  0 @0X7FF8B5E04745 0X48 0X8B 0X8C 0X24 0X38 0X04 0X00 0X00
#  1 @0X7FF8B5E0474D 0X48 0X85 0XC9
#  2 @0X7FF8B5E04750 0X74 0X0C

[!] Analysing Branch #128 & Of Height: #55 (Conditional Jump Not Taken)

#  0 @0X7FF8B5E04752 0X48 0XFF 0X15 0X77 0XD3 0X1D 0X00
#  1 @0X7FF8B5E04759 0X0F 0X1F 0X44 0X00 0X00

[!] Analysing Branch Of Linear Index 129 & Of Height: #55 (Conditional Jump Taken)

#  0 @0X7FF8B5E0475E 0X48 0X8B 0X9C 0X24 0X00 0X01 0X00 0X00
#  1 @0X7FF8B5E04766 0X48 0X85 0XDB
#  2 @0X7FF8B5E04769 0X0F 0X84 0X5D 0X05 0X00 0X00
#  3 @0X7FF8B5E0476F 0X33 0XD2
#  4 @0X7FF8B5E04771 0X44 0X8D 0X42 0X64
#  5 @0X7FF8B5E04775 0X48 0X8D 0X8C 0X24 0X14 0X08 0X00 0X00
#  6 @0X7FF8B5E0477D 0XE8 0XBF 0X70 0X07 0X00
#  7 @0X7FF8B5E04782 0X41 0XBE 0X68 0X00 0X00 0X00
#  8 @0X7FF8B5E04788 0X44 0X89 0XB4 0X24 0X10 0X08 0X00 0X00
#  9 @0X7FF8B5E04790 0X39 0X7B 0X20
# 10 @0X7FF8B5E04793 0X0F 0X85 0X6A 0X02 0X00 0X00
# 11 @0X7FF8B5E04799 0X83 0X3D 0X80 0X48 0X2E 0X00 0X05
# 12 @0X7FF8B5E047A0 0X0F 0X86 0XE9 0X04 0X00 0X00
# 13 @0X7FF8B5E047A6 0X4C 0X85 0X2D 0X83 0X48 0X2E 0X00
# 14 @0X7FF8B5E047AD 0X74 0X16

[!] Analysing Branch #130 & Of Height: #56 (Conditional Jump Not Taken)

#  0 @0X7FF8B5E047AF 0X48 0X8B 0X05 0X82 0X48 0X2E 0X00
#  1 @0X7FF8B5E047B6 0X49 0X23 0XC5
#  2 @0X7FF8B5E047B9 0X48 0X3B 0X05 0X78 0X48 0X2E 0X00
#  3 @0X7FF8B5E047C0 0X40 0X8A 0XC6
#  4 @0X7FF8B5E047C3 0X74 0X03

[!] Analysing Branch Of Linear Index 131 & Of Height: #56 (Conditional Jump Taken)

#  0 @0X7FF8B5E047C5 0X40 0X8A 0XC7

[!] Analysing Branch #132 & Of Height: #57 (Conditional Jump Not Taken)

#  0 @0X7FF8B5E04863 0XE8 0XF0 0X4C 0X0D 0X00
#  1 @0X7FF8B5E04868 0XEB 0X07

[!] Analysing Branch Of Linear Index 133 & Of Height: #57 (Conditional Jump Taken)

#  0 @0X7FF8B5E0486A 0X48 0X8D 0X05 0XD3 0X3A 0X1E 0X00

[!] Analysing Branch Of Linear Index 134 & Of Height: #58 (Non Conditional)

#  0 @0X7FF8B5E04C68 0X48 0X89 0X44 0X24 0X28
#  1 @0X7FF8B5E04C6D 0XC7 0X44 0X24 0X20 0X0F 0X00 0X00 0X00
#  2 @0X7FF8B5E04C75 0X45 0X33 0XC9
#  3 @0X7FF8B5E04C78 0X45 0X33 0XC0
#  4 @0X7FF8B5E04C7B 0X48 0X8D 0X0D 0X9E 0X43 0X2E 0X00
#  5 @0X7FF8B5E04C82 0XE8 0XD1 0X76 0X05 0X00
#  6 @0X7FF8B5E04C87 0X48 0X8B 0X9C 0X24 0X00 0X01 0X00 0X00
#  7 @0X7FF8B5E04C8F 0X39 0XBC 0X24 0XD0 0X00 0X00 0X00
#  8 @0X7FF8B5E04C96 0X75 0X1B

[!] Analysing Branch #135 & Of Height: #59 (Conditional Jump Not Taken)

#  0 @0X7FF8B5E04C98 0X48 0X8B 0X53 0X10
#  1 @0X7FF8B5E04C9C 0X48 0X8B 0X0B
#  2 @0X7FF8B5E04C9F 0X48 0XFF 0X15 0X62 0X16 0X30 0X00
#  3 @0X7FF8B5E04CA6 0X0F 0X1F 0X44 0X00 0X00
#  4 @0X7FF8B5E04CAB 0X48 0X8B 0X9C 0X24 0X00 0X01 0X00 0X00

[!] Analysing Branch Of Linear Index 136 & Of Height: #59 (Conditional Jump Taken)

#  0 @0X7FF8B5E04CB3 0X48 0X8B 0XCB
#  1 @0X7FF8B5E04CB6 0X48 0XFF 0X15 0X2B 0X16 0X30 0X00
#  2 @0X7FF8B5E04CBD 0X0F 0X1F 0X44 0X00 0X00
#  3 @0X7FF8B5E04CC2 0X48 0X89 0XBC 0X24 0X00 0X01 0X00 0X00
#  4 @0X7FF8B5E04CCA 0XEB 0X06

[!] Analysing Branch Of Linear Index 137 & Of Height: #60 (Non Conditional)

#  0 @0X7FF8B5E04CD2 0X48 0X8B 0X8C 0X24 0X80 0X01 0X00 0X00
#  1 @0X7FF8B5E04CDA 0X48 0X85 0XC9
#  2 @0X7FF8B5E04CDD 0X74 0X14

[!] Analysing Branch #138 & Of Height: #61 (Conditional Jump Not Taken)

#  0 @0X7FF8B5E04CDF 0X48 0XFF 0X15 0X8A 0X19 0X30 0X00
#  1 @0X7FF8B5E04CE6 0X0F 0X1F 0X44 0X00 0X00
#  2 @0X7FF8B5E04CEB 0X48 0X89 0XBC 0X24 0X80 0X01 0X00 0X00

[!] Analysing Branch Of Linear Index 139 & Of Height: #61 (Conditional Jump Taken)

#  0 @0X7FF8B5E04CF3 0X48 0X8B 0X8C 0X24 0XF8 0X03 0X00 0X00
#  1 @0X7FF8B5E04CFB 0X48 0X85 0XC9
#  2 @0X7FF8B5E04CFE 0X74 0X0C

[!] Analysing Branch #140 & Of Height: #62 (Conditional Jump Not Taken)

#  0 @0X7FF8B5E04D00 0X48 0XFF 0X15 0X69 0X19 0X30 0X00
#  1 @0X7FF8B5E04D07 0X0F 0X1F 0X44 0X00 0X00

[!] Analysing Branch Of Linear Index 141 & Of Height: #62 (Conditional Jump Taken)

#  0 @0X7FF8B5E04D0C 0X48 0X8B 0X8C 0X24 0X38 0X02 0X00 0X00
#  1 @0X7FF8B5E04D14 0X48 0X85 0XC9
#  2 @0X7FF8B5E04D17 0X74 0X0C

[!] Analysing Branch #142 & Of Height: #63 (Conditional Jump Not Taken)

#  0 @0X7FF8B5E04D19 0X48 0XFF 0X15 0XA8 0XC1 0X1D 0X00
#  1 @0X7FF8B5E04D20 0X0F 0X1F 0X44 0X00 0X00

[!] Analysing Branch Of Linear Index 143 & Of Height: #63 (Conditional Jump Taken)

#  0 @0X7FF8B5E04D25 0X48 0X8B 0X8C 0X24 0X40 0X02 0X00 0X00
#  1 @0X7FF8B5E04D2D 0X48 0X85 0XC9
#  2 @0X7FF8B5E04D30 0X74 0X0C

[!] Analysing Branch #144 & Of Height: #64 (Conditional Jump Not Taken)

#  0 @0X7FF8B5E04D32 0X48 0XFF 0X15 0X8F 0XC1 0X1D 0X00
#  1 @0X7FF8B5E04D39 0X0F 0X1F 0X44 0X00 0X00

[!] Analysing Branch Of Linear Index 145 & Of Height: #64 (Conditional Jump Taken)

#  0 @0X7FF8B5E04D3E 0X39 0XB4 0X24 0XEC 0X02 0X00 0X00
#  1 @0X7FF8B5E04D45 0X0F 0X85 0X29 0X01 0X00 0X00
#  2 @0X7FF8B5E04D4B 0X83 0X3D 0XCE 0X42 0X2E 0X00 0X05
#  3 @0X7FF8B5E04D52 0X0F 0X86 0X1C 0X01 0X00 0X00
#  4 @0X7FF8B5E04D58 0X4C 0X85 0X2D 0XD1 0X42 0X2E 0X00
#  5 @0X7FF8B5E04D5F 0X74 0X16

[!] Analysing Branch #146 & Of Height: #65 (Conditional Jump Not Taken)

#  0 @0X7FF8B5E04D61 0X48 0X8B 0X05 0XD0 0X42 0X2E 0X00
#  1 @0X7FF8B5E04D68 0X49 0X23 0XC5
#  2 @0X7FF8B5E04D6B 0X48 0X3B 0X05 0XC6 0X42 0X2E 0X00
#  3 @0X7FF8B5E04D72 0X40 0X8A 0XC6
#  4 @0X7FF8B5E04D75 0X74 0X03

[!] Analysing Branch Of Linear Index 147 & Of Height: #65 (Conditional Jump Taken)

#  0 @0X7FF8B5E04D77 0X40 0X8A 0XC7

[!] Analysing Branch #148 & Of Height: #66 (Conditional Jump Not Taken)

#  0 @0X7FF8B5E04E81 0X48 0XFF 0X15 0X48 0XCC 0X1D 0X00
#  1 @0X7FF8B5E04E88 0X0F 0X1F 0X44 0X00 0X00

[!] Analysing Branch Of Linear Index 149 & Of Height: #66 (Conditional Jump Taken)

#  0 @0X7FF8B5E04E8D 0X4C 0X8B 0X84 0X24 0XA0 0X02 0X00 0X00
#  1 @0X7FF8B5E04E95 0X48 0X8B 0X9C 0X24 0XD8 0X00 0X00 0X00
#  2 @0X7FF8B5E04E9D 0X4D 0X85 0XC0
#  3 @0X7FF8B5E04EA0 0X74 0X11

[!] Analysing Branch #150 & Of Height: #67 (Conditional Jump Not Taken)

#  0 @0X7FF8B5E04EA2 0X33 0XD2
#  1 @0X7FF8B5E04EA4 0X48 0X8B 0XCB
#  2 @0X7FF8B5E04EA7 0X48 0XFF 0X15 0X8A 0XC3 0X1D 0X00
#  3 @0X7FF8B5E04EAE 0X0F 0X1F 0X44 0X00 0X00

[!] Analysing Branch Of Linear Index 151 & Of Height: #67 (Conditional Jump Taken)

#  0 @0X7FF8B5E04EB3 0X4C 0X8B 0X84 0X24 0X78 0X02 0X00 0X00
#  1 @0X7FF8B5E04EBB 0X4D 0X85 0XC0
#  2 @0X7FF8B5E04EBE 0X74 0X11

[!] Analysing Branch #152 & Of Height: #68 (Conditional Jump Not Taken)

#  0 @0X7FF8B5E04EC0 0X33 0XD2
#  1 @0X7FF8B5E04EC2 0X48 0X8B 0XCB
#  2 @0X7FF8B5E04EC5 0X48 0XFF 0X15 0X6C 0XC3 0X1D 0X00
#  3 @0X7FF8B5E04ECC 0X0F 0X1F 0X44 0X00 0X00

[!] Analysing Branch Of Linear Index 153 & Of Height: #68 (Conditional Jump Taken)

#  0 @0X7FF8B5E04ED1 0X48 0X39 0XBC 0X24 0XF0 0X03 0X00 0X00
#  1 @0X7FF8B5E04ED9 0X74 0X23

[!] Analysing Branch #154 & Of Height: #69 (Conditional Jump Not Taken)

#  0 @0X7FF8B5E04EDB 0X65 0X48 0X8B 0X0C 0X25 0X60 0X00 0X00 0X00
#  1 @0X7FF8B5E04EE4 0X4C 0X8B 0X84 0X24 0XF0 0X03 0X00 0X00
#  2 @0X7FF8B5E04EEC 0X33 0XD2
#  3 @0X7FF8B5E04EEE 0X48 0X8B 0X49 0X30
#  4 @0X7FF8B5E04EF2 0X48 0XFF 0X15 0X3F 0XC3 0X1D 0X00
#  5 @0X7FF8B5E04EF9 0X0F 0X1F 0X44 0X00 0X00

[!] Analysing Branch Of Linear Index 155 & Of Height: #69 (Conditional Jump Taken)

#  0 @0X7FF8B5E04EFE 0X4C 0X8B 0X84 0X24 0X70 0X02 0X00 0X00
#  1 @0X7FF8B5E04F06 0X4D 0X85 0XC0
#  2 @0X7FF8B5E04F09 0X74 0X11

[!] Analysing Branch #156 & Of Height: #70 (Conditional Jump Not Taken)

#  0 @0X7FF8B5E04F0B 0X33 0XD2
#  1 @0X7FF8B5E04F0D 0X48 0X8B 0XCB
#  2 @0X7FF8B5E04F10 0X48 0XFF 0X15 0X21 0XC3 0X1D 0X00
#  3 @0X7FF8B5E04F17 0X0F 0X1F 0X44 0X00 0X00

[!] Analysing Branch Of Linear Index 157 & Of Height: #70 (Conditional Jump Taken)

#  0 @0X7FF8B5E04F1C 0X48 0X8B 0X8C 0X24 0XE8 0X01 0X00 0X00
#  1 @0X7FF8B5E04F24 0X48 0X85 0XC9
#  2 @0X7FF8B5E04F27 0X74 0X0C

[!] Analysing Branch #158 & Of Height: #71 (Conditional Jump Not Taken)

#  0 @0X7FF8B5E04F29 0X48 0XFF 0X15 0X98 0XBF 0X1D 0X00
#  1 @0X7FF8B5E04F30 0X0F 0X1F 0X44 0X00 0X00

[!] Analysing Branch Of Linear Index 159 & Of Height: #71 (Conditional Jump Taken)

#  0 @0X7FF8B5E04F35 0X48 0X8B 0X8C 0X24 0X60 0X03 0X00 0X00
#  1 @0X7FF8B5E04F3D 0X48 0X85 0XC9
#  2 @0X7FF8B5E04F40 0X74 0X0C

[!] Analysing Branch #160 & Of Height: #72 (Conditional Jump Not Taken)

#  0 @0X7FF8B5E04F42 0X48 0XFF 0X15 0X7F 0XBF 0X1D 0X00
#  1 @0X7FF8B5E04F49 0X0F 0X1F 0X44 0X00 0X00

[!] Analysing Branch Of Linear Index 161 & Of Height: #72 (Conditional Jump Taken)

#  0 @0X7FF8B5E04F4E 0X48 0X39 0XBC 0X24 0X90 0X01 0X00 0X00
#  1 @0X7FF8B5E04F56 0X74 0X6C

[!] Analysing Branch #162 & Of Height: #73 (Conditional Jump Not Taken)

#  0 @0X7FF8B5E04F58 0X48 0X8B 0X84 0X24 0X98 0X03 0X00 0X00
#  1 @0X7FF8B5E04F60 0X48 0X85 0XC0
#  2 @0X7FF8B5E04F63 0X74 0X17

[!] Analysing Branch Of Linear Index 163 & Of Height: #73 (Conditional Jump Taken)

#  0 @0X7FF8B5E04FC4 0X48 0X8B 0X8C 0X24 0XF8 0X00 0X00 0X00
#  1 @0X7FF8B5E04FCC 0X48 0X85 0XC9
#  2 @0X7FF8B5E04FCF 0X74 0X0C

[!] Analysing Branch #164 & Of Height: #74 (Conditional Jump Not Taken)

#  0 @0X7FF8B5E04FD1 0X48 0XFF 0X15 0XF0 0XBE 0X1D 0X00
#  1 @0X7FF8B5E04FD8 0X0F 0X1F 0X44 0X00 0X00

[!] Analysing Branch Of Linear Index 165 & Of Height: #74 (Conditional Jump Taken)

#  0 @0X7FF8B5E04FDD 0XE8 0X92 0X99 0X07 0X00
#  1 @0X7FF8B5E04FE2 0X84 0XC0
#  2 @0X7FF8B5E04FE4 0X74 0X24

[!] Analysing Branch #166 & Of Height: #75 (Conditional Jump Not Taken)

#  0 @0X7FF8B5E04FE6 0X4C 0X8B 0X84 0X24 0X98 0X02 0X00 0X00
#  1 @0X7FF8B5E04FEE 0X48 0X8B 0X94 0X24 0X18 0X03 0X00 0X00
#  2 @0X7FF8B5E04FF6 0X48 0X8B 0X8C 0X24 0X68 0X02 0X00 0X00
#  3 @0X7FF8B5E04FFE 0X48 0XFF 0X15 0X7B 0X16 0X30 0X00
#  4 @0X7FF8B5E05005 0X0F 0X1F 0X44 0X00 0X00

[!] Analysing Branch Of Linear Index 167 & Of Height: #75 (Conditional Jump Taken)

#  0 @0X7FF8B5E0500A 0X48 0X8D 0X8C 0X24 0X68 0X04 0X00 0X00
#  1 @0X7FF8B5E05012 0X48 0XFF 0X15 0X77 0XB7 0X1D 0X00
#  2 @0X7FF8B5E05019 0X0F 0X1F 0X44 0X00 0X00
#  3 @0X7FF8B5E0501E 0X48 0X39 0XBC 0X24 0X88 0X05 0X00 0X00
#  4 @0X7FF8B5E05026 0X75 0X0A

[!] Analysing Branch #168 & Of Height: #76 (Conditional Jump Not Taken)

#  0 @0X7FF8B5E05028 0X48 0X39 0XBC 0X24 0X78 0X05 0X00 0X00
#  1 @0X7FF8B5E05030 0X74 0X25

[!] Analysing Branch Of Linear Index 169 & Of Height: #76 (Conditional Jump Taken)

#  0 @0X7FF8B5E05032 0XE8 0X3D 0X99 0X07 0X00
#  1 @0X7FF8B5E05037 0X84 0XC0
#  2 @0X7FF8B5E05039 0X74 0X1C

[!] Analysing Branch #170 & Of Height: #77 (Conditional Jump Not Taken)

#  0 @0X7FF8B5E0503B 0X48 0X8D 0X94 0X24 0X70 0X05 0X00 0X00
#  1 @0X7FF8B5E05043 0X48 0X8D 0X8C 0X24 0X80 0X05 0X00 0X00
#  2 @0X7FF8B5E0504B 0X48 0XFF 0X15 0XB6 0X16 0X30 0X00
#  3 @0X7FF8B5E05052 0X0F 0X1F 0X44 0X00 0X00

[!] Analysing Branch Of Linear Index 171 & Of Height: #77 (Conditional Jump Taken)

#  0 @0X7FF8B5E05057 0X39 0XBC 0X24 0X54 0X01 0X00 0X00
#  1 @0X7FF8B5E0505E 0X74 0X52

[!] Analysing Branch #172 & Of Height: #78 (Conditional Jump Not Taken)

#  0 @0X7FF8B5E05060 0X44 0X84 0XA4 0X24 0X54 0X01 0X00 0X00
#  1 @0X7FF8B5E05068 0X75 0X48

[!] Analysing Branch Of Linear Index 173 & Of Height: #78 (Conditional Jump Taken)

#  0 @0X7FF8B5E050B2 0X48 0X8B 0X8C 0X24 0X50 0X03 0X00 0X00
#  1 @0X7FF8B5E050BA 0X48 0X85 0XC9
#  2 @0X7FF8B5E050BD 0X74 0X0C

[!] Analysing Branch #174 & Of Height: #79 (Conditional Jump Not Taken)

#  0 @0X7FF8B5E050BF 0X48 0XFF 0X15 0XA2 0XC4 0X1D 0X00
#  1 @0X7FF8B5E050C6 0X0F 0X1F 0X44 0X00 0X00

[!] Analysing Branch Of Linear Index 175 & Of Height: #79 (Conditional Jump Taken)

#  0 @0X7FF8B5E050CB 0X48 0X8B 0X8C 0X24 0X90 0X02 0X00 0X00
#  1 @0X7FF8B5E050D3 0X48 0X85 0XC9
#  2 @0X7FF8B5E050D6 0X74 0X14

[!] Analysing Branch #176 & Of Height: #80 (Conditional Jump Not Taken)

#  0 @0X7FF8B5E050D8 0X48 0XFF 0X15 0X69 0XBC 0X1D 0X00
#  1 @0X7FF8B5E050DF 0X0F 0X1F 0X44 0X00 0X00
#  2 @0X7FF8B5E050E4 0X48 0X89 0XBC 0X24 0X90 0X02 0X00 0X00

[!] Analysing Branch Of Linear Index 177 & Of Height: #80 (Conditional Jump Taken)

#  0 @0X7FF8B5E050EC 0X4C 0X8B 0X84 0X24 0X20 0X04 0X00 0X00
#  1 @0X7FF8B5E050F4 0X4D 0X85 0XC0
#  2 @0X7FF8B5E050F7 0X74 0X11

[!] Analysing Branch #178 & Of Height: #81 (Conditional Jump Not Taken)

#  0 @0X7FF8B5E050F9 0X33 0XD2
#  1 @0X7FF8B5E050FB 0X48 0X8B 0XCB
#  2 @0X7FF8B5E050FE 0X48 0XFF 0X15 0X33 0XC1 0X1D 0X00
#  3 @0X7FF8B5E05105 0X0F 0X1F 0X44 0X00 0X00

[!] Analysing Branch Of Linear Index 179 & Of Height: #81 (Conditional Jump Taken)

#  0 @0X7FF8B5E0510A 0X4C 0X8B 0X84 0X24 0X90 0X03 0X00 0X00
#  1 @0X7FF8B5E05112 0X4D 0X85 0XC0
#  2 @0X7FF8B5E05115 0X74 0X11

[!] Analysing Branch #180 & Of Height: #82 (Conditional Jump Not Taken)

#  0 @0X7FF8B5E05117 0X33 0XD2
#  1 @0X7FF8B5E05119 0X48 0X8B 0XCB
#  2 @0X7FF8B5E0511C 0X48 0XFF 0X15 0X15 0XC1 0X1D 0X00
#  3 @0X7FF8B5E05123 0X0F 0X1F 0X44 0X00 0X00

[!] Analysing Branch Of Linear Index 181 & Of Height: #82 (Conditional Jump Taken)

#  0 @0X7FF8B5E05128 0X48 0X8B 0X9C 0X24 0X60 0X01 0X00 0X00
#  1 @0X7FF8B5E05130 0X48 0X85 0XDB
#  2 @0X7FF8B5E05133 0X0F 0X84 0X93 0X05 0X00 0X00
#  3 @0X7FF8B5E05139 0X33 0XD2
#  4 @0X7FF8B5E0513B 0X44 0X8D 0X42 0X64
#  5 @0X7FF8B5E0513F 0X48 0X8D 0X8C 0X24 0X84 0X08 0X00 0X00
#  6 @0X7FF8B5E05147 0XE8 0XF5 0X66 0X07 0X00
#  7 @0X7FF8B5E0514C 0X44 0X89 0XB4 0X24 0X80 0X08 0X00 0X00
#  8 @0X7FF8B5E05154 0X83 0XBB 0X24 0X02 0X00 0X00 0X04
#  9 @0X7FF8B5E0515B 0X0F 0X85 0X99 0X02 0X00 0X00
# 10 @0X7FF8B5E05161 0X83 0X3D 0XB8 0X3E 0X2E 0X00 0X05
# 11 @0X7FF8B5E05168 0X0F 0X86 0X47 0X05 0X00 0X00
# 12 @0X7FF8B5E0516E 0X4C 0X85 0X2D 0XBB 0X3E 0X2E 0X00
# 13 @0X7FF8B5E05175 0X74 0X16

[!] Analysing Branch #182 & Of Height: #83 (Conditional Jump Not Taken)

#  0 @0X7FF8B5E05177 0X48 0X8B 0X05 0XBA 0X3E 0X2E 0X00
#  1 @0X7FF8B5E0517E 0X49 0X23 0XC5
#  2 @0X7FF8B5E05181 0X48 0X3B 0X05 0XB0 0X3E 0X2E 0X00
#  3 @0X7FF8B5E05188 0X40 0X8A 0XC6
#  4 @0X7FF8B5E0518B 0X74 0X03

[!] Analysing Branch Of Linear Index 183 & Of Height: #83 (Conditional Jump Taken)

#  0 @0X7FF8B5E0518D 0X40 0X8A 0XC7

[!] Analysing Branch #184 & Of Height: #84 (Conditional Jump Not Taken)

#  0 @0X7FF8B5E0525A 0XE8 0XF9 0X42 0X0D 0X00
#  1 @0X7FF8B5E0525F 0XEB 0X07

[!] Analysing Branch Of Linear Index 185 & Of Height: #84 (Conditional Jump Taken)

#  0 @0X7FF8B5E05261 0X48 0X8D 0X05 0XDC 0X30 0X1E 0X00

[!] Analysing Branch Of Linear Index 186 & Of Height: #85 (Non Conditional)

#  0 @0X7FF8B5E0568E 0X48 0X89 0X44 0X24 0X28
#  1 @0X7FF8B5E05693 0XC7 0X44 0X24 0X20 0X10 0X00 0X00 0X00
#  2 @0X7FF8B5E0569B 0X45 0X33 0XC9
#  3 @0X7FF8B5E0569E 0X45 0X33 0XC0
#  4 @0X7FF8B5E056A1 0X48 0X8D 0X0D 0X78 0X39 0X2E 0X00
#  5 @0X7FF8B5E056A8 0XE8 0XAB 0X6C 0X05 0X00
#  6 @0X7FF8B5E056AD 0X48 0X8B 0X9C 0X24 0X60 0X01 0X00 0X00
#  7 @0X7FF8B5E056B5 0X48 0X8B 0XCB
#  8 @0X7FF8B5E056B8 0X48 0XFF 0X15 0X89 0X10 0X30 0X00
#  9 @0X7FF8B5E056BF 0X0F 0X1F 0X44 0X00 0X00
# 10 @0X7FF8B5E056C4 0X48 0X89 0XBC 0X24 0X60 0X01 0X00 0X00
# 11 @0X7FF8B5E056CC 0X48 0X8D 0X8C 0X24 0X40 0X04 0X00 0X00
# 12 @0X7FF8B5E056D4 0XE8 0X3F 0XA1 0X04 0X00
# 13 @0X7FF8B5E056D9 0X48 0X8D 0X8C 0X24 0X30 0X03 0X00 0X00
# 14 @0X7FF8B5E056E1 0X48 0XFF 0X15 0X90 0X10 0X30 0X00
# 15 @0X7FF8B5E056E8 0X0F 0X1F 0X44 0X00 0X00
# 16 @0X7FF8B5E056ED 0X65 0X48 0X8B 0X04 0X25 0X30 0X00 0X00 0X00
# 17 @0X7FF8B5E056F6 0X44 0X89 0X78 0X68
# 18 @0X7FF8B5E056FA 0X8B 0X84 0X24 0XD0 0X00 0X00 0X00
# 19 @0X7FF8B5E05701 0XEB 0X0C

[!] Analysing Branch Of Linear Index 187 & Of Height: #04 (Non Conditional)

#  0 @0X7FF8B5E0570F 0X48 0X8B 0X8C 0X24 0X90 0X20 0X00 0X00
#  1 @0X7FF8B5E05717 0X48 0X33 0XCC
#  2 @0X7FF8B5E0571A 0XE8 0XD1 0XD0 0X0D 0X00
#  3 @0X7FF8B5E0571F 0X48 0X81 0XC4 0XA0 0X20 0X00 0X00
#  4 @0X7FF8B5E05726 0X41 0X5F
#  5 @0X7FF8B5E05728 0X41 0X5E
#  6 @0X7FF8B5E0572A 0X41 0X5D
#  7 @0X7FF8B5E0572C 0X41 0X5C
#  8 @0X7FF8B5E0572E 0X5F
#  9 @0X7FF8B5E0572F 0X5E
# 10 @0X7FF8B5E05730 0X5B
# 11 @0X7FF8B5E05731 0XC3

[!] Analysing Branch Of Linear Index 188 & Of Height: #85 (Non Conditional)

#  0 @0X7FF8B5E05268 0X48 0X8B 0XD0
#  1 @0X7FF8B5E0526B 0X48 0X8D 0X8C 0X24 0X90 0X16 0X00 0X00
#  2 @0X7FF8B5E05273 0XE8 0XBC 0X8B 0XFF 0XFF
#  3 @0X7FF8B5E05278 0X39 0XB4 0X24 0XD0 0X00 0X00 0X00
#  4 @0X7FF8B5E0527F 0X0F 0X94 0X84 0X24 0X45 0X01 0X00 0X00
#  5 @0X7FF8B5E05287 0X48 0X8D 0X84 0X24 0X45 0X01 0X00 0X00
#  6 @0X7FF8B5E0528F 0X48 0X89 0X84 0X24 0XA0 0X16 0X00 0X00
#  7 @0X7FF8B5E05297 0X48 0XC7 0X84 0X24 0XA8 0X16 0X00 0X00 0X01 0X00 0X00 0X00
#  8 @0X7FF8B5E052A3 0X48 0X39 0XBC 0X24 0X18 0X06 0X00 0X00
#  9 @0X7FF8B5E052AB 0X0F 0X95 0X84 0X24 0X31 0X01 0X00 0X00
# 10 @0X7FF8B5E052B3 0X48 0X8D 0X84 0X24 0X31 0X01 0X00 0X00
# 11 @0X7FF8B5E052BB 0X48 0X89 0X84 0X24 0XB0 0X16 0X00 0X00
# 12 @0X7FF8B5E052C3 0X48 0XC7 0X84 0X24 0XB8 0X16 0X00 0X00 0X01 0X00 0X00 0X00
# 13 @0X7FF8B5E052CF 0X48 0X39 0XBC 0X24 0X20 0X06 0X00 0X00
# 14 @0X7FF8B5E052D7 0X0F 0X95 0X84 0X24 0X32 0X01 0X00 0X00
# 15 @0X7FF8B5E052DF 0X48 0X8D 0X84 0X24 0X32 0X01 0X00 0X00
# 16 @0X7FF8B5E052E7 0X48 0X89 0X84 0X24 0XC0 0X16 0X00 0X00
# 17 @0X7FF8B5E052EF 0X48 0XC7 0X84 0X24 0XC8 0X16 0X00 0X00 0X01 0X00 0X00 0X00
# 18 @0X7FF8B5E052FB 0X39 0XB4 0X24 0X08 0X21 0X00 0X00
# 19 @0X7FF8B5E05302 0X0F 0X94 0X84 0X24 0X33 0X01 0X00 0X00
# 20 @0X7FF8B5E0530A 0X48 0X8D 0X84 0X24 0X33 0X01 0X00 0X00
# 21 @0X7FF8B5E05312 0X48 0X89 0X84 0X24 0XD0 0X16 0X00 0X00
# 22 @0X7FF8B5E0531A 0X48 0XC7 0X84 0X24 0XD8 0X16 0X00 0X00 0X01 0X00 0X00 0X00
# 23 @0X7FF8B5E05326 0X8B 0X84 0X24 0XE8 0X00 0X00 0X00
# 24 @0X7FF8B5E0532D 0X89 0X84 0X24 0XFC 0X02 0X00 0X00
# 25 @0X7FF8B5E05334 0X48 0X8D 0X84 0X24 0XFC 0X02 0X00 0X00
# 26 @0X7FF8B5E0533C 0X48 0X89 0X84 0X24 0XE0 0X16 0X00 0X00
# 27 @0X7FF8B5E05344 0X48 0XC7 0X84 0X24 0XE8 0X16 0X00 0X00 0X04 0X00 0X00 0X00
# 28 @0X7FF8B5E05350 0X48 0X39 0XBC 0X24 0X70 0X01 0X00 0X00
# 29 @0X7FF8B5E05358 0X0F 0X95 0X84 0X24 0X34 0X01 0X00 0X00
# 30 @0X7FF8B5E05360 0X48 0X8D 0X84 0X24 0X34 0X01 0X00 0X00
# 31 @0X7FF8B5E05368 0X48 0X89 0X84 0X24 0XF0 0X16 0X00 0X00
# 32 @0X7FF8B5E05370 0X48 0XC7 0X84 0X24 0XF8 0X16 0X00 0X00 0X01 0X00 0X00 0X00
# 33 @0X7FF8B5E0537C 0X4D 0X8B 0XC6
# 34 @0X7FF8B5E0537F 0X48 0X8D 0X94 0X24 0X80 0X08 0X00 0X00
# 35 @0X7FF8B5E05387 0X48 0X8D 0X8C 0X24 0X90 0X06 0X00 0X00
# 36 @0X7FF8B5E0538F 0XE8 0X07 0XD4 0X0D 0X00
# 37 @0X7FF8B5E05394 0X85 0XC0
# 38 @0X7FF8B5E05396 0X0F 0X94 0X84 0X24 0X35 0X01 0X00 0X00
# 39 @0X7FF8B5E0539E 0X48 0X8D 0X84 0X24 0X35 0X01 0X00 0X00
# 40 @0X7FF8B5E053A6 0X48 0X89 0X84 0X24 0X00 0X17 0X00 0X00
# 41 @0X7FF8B5E053AE 0X48 0XC7 0X84 0X24 0X08 0X17 0X00 0X00 0X01 0X00 0X00 0X00
# 42 @0X7FF8B5E053BA 0X48 0X39 0XBC 0X24 0XD8 0X01 0X00 0X00
# 43 @0X7FF8B5E053C2 0X0F 0X94 0X84 0X24 0X36 0X01 0X00 0X00
# 44 @0X7FF8B5E053CA 0X48 0X8D 0X84 0X24 0X36 0X01 0X00 0X00
# 45 @0X7FF8B5E053D2 0X48 0X89 0X84 0X24 0X10 0X17 0X00 0X00
# 46 @0X7FF8B5E053DA 0X48 0XC7 0X84 0X24 0X18 0X17 0X00 0X00 0X01 0X00 0X00 0X00
# 47 @0X7FF8B5E053E6 0X48 0X8D 0X84 0X24 0X20 0X16 0X00 0X00
# 48 @0X7FF8B5E053EE 0X48 0X8D 0X15 0X2A 0X02 0X2A 0X00
# 49 @0X7FF8B5E053F5 0XE9 0X94 0X02 0X00 0X00

[!] Analysing Branch Of Linear Index 189 & Of Height: #84 (Non Conditional)

#  0 @0X7FF8B5E05190 0X84 0XC0
#  1 @0X7FF8B5E05192 0X0F 0X84 0X1D 0X05 0X00 0X00
#  2 @0X7FF8B5E05198 0X48 0XC7 0X84 0X24 0XE8 0X04 0X00 0X00 0X00 0X00 0X00 0X01
#  3 @0X7FF8B5E051A4 0X48 0X8D 0X84 0X24 0XE8 0X04 0X00 0X00
#  4 @0X7FF8B5E051AC 0X48 0X89 0X84 0X24 0X40 0X16 0X00 0X00
#  5 @0X7FF8B5E051B4 0X48 0XC7 0X84 0X24 0X48 0X16 0X00 0X00 0X08 0X00 0X00 0X00
#  6 @0X7FF8B5E051C0 0X40 0X88 0XB4 0X24 0X2E 0X01 0X00 0X00
#  7 @0X7FF8B5E051C8 0X48 0X8D 0X84 0X24 0X2E 0X01 0X00 0X00
#  8 @0X7FF8B5E051D0 0X48 0X89 0X84 0X24 0X50 0X16 0X00 0X00
#  9 @0X7FF8B5E051D8 0X48 0XC7 0X84 0X24 0X58 0X16 0X00 0X00 0X01 0X00 0X00 0X00
# 10 @0X7FF8B5E051E4 0X44 0X89 0XBC 0X24 0XF8 0X02 0X00 0X00
# 11 @0X7FF8B5E051EC 0X48 0X8D 0X84 0X24 0XF8 0X02 0X00 0X00
# 12 @0X7FF8B5E051F4 0X48 0X89 0X84 0X24 0X60 0X16 0X00 0X00
# 13 @0X7FF8B5E051FC 0X48 0XC7 0X84 0X24 0X68 0X16 0X00 0X00 0X04 0X00 0X00 0X00
# 14 @0X7FF8B5E05208 0X8A 0X84 0X24 0XF6 0X00 0X00 0X00
# 15 @0X7FF8B5E0520F 0X88 0X84 0X24 0X2F 0X01 0X00 0X00
# 16 @0X7FF8B5E05216 0X48 0X8D 0X84 0X24 0X2F 0X01 0X00 0X00
# 17 @0X7FF8B5E0521E 0X48 0X89 0X84 0X24 0X70 0X16 0X00 0X00
# 18 @0X7FF8B5E05226 0X48 0XC7 0X84 0X24 0X78 0X16 0X00 0X00 0X01 0X00 0X00 0X00
# 19 @0X7FF8B5E05232 0X48 0X8D 0X93 0X06 0X01 0X00 0X00
# 20 @0X7FF8B5E05239 0X48 0X8D 0X8C 0X24 0X80 0X16 0X00 0X00
# 21 @0X7FF8B5E05241 0XE8 0XEE 0X8B 0XFF 0XFF
# 22 @0X7FF8B5E05246 0X48 0X8B 0X84 0X24 0X60 0X01 0X00 0X00
# 23 @0X7FF8B5E0524E 0X48 0X8B 0X88 0X08 0X02 0X00 0X00 0X48
# 24 @0X7FF8B5E05256 0X85 0XC9
# 25 @0X7FF8B5E05258 0X74 0X07

[!] Analysing Branch #190 & Of Height: #79 (Conditional Jump Not Taken)

#  0 @0X7FF8B5E0506A 0XE8 0X05 0X99 0X07 0X00
#  1 @0X7FF8B5E0506F 0X84 0XC0
#  2 @0X7FF8B5E05071 0X74 0X26

[!] Analysing Branch #191 & Of Height: #80 (Conditional Jump Not Taken)

#  0 @0X7FF8B5E05073 0X44 0X8B 0X8C 0X24 0X58 0X01 0X00 0X00
#  1 @0X7FF8B5E0507B 0X44 0X8B 0X84 0X24 0X54 0X01 0X00 0X00
#  2 @0X7FF8B5E05083 0X48 0X8D 0X94 0X24 0XD4 0X01 0X00 0X00
#  3 @0X7FF8B5E0508B 0X33 0XC9
#  4 @0X7FF8B5E0508D 0X48 0XFF 0X15 0X6C 0X16 0X30 0X00
#  5 @0X7FF8B5E05094 0X0F 0X1F 0X44 0X00 0X00

[!] Analysing Branch Of Linear Index 192 & Of Height: #80 (Conditional Jump Taken)

#  0 @0X7FF8B5E05099 0X48 0X8B 0X8C 0X24 0X60 0X02 0X00 0X00
#  1 @0X7FF8B5E050A1 0X48 0X85 0XC9
#  2 @0X7FF8B5E050A4 0X74 0X0C

[!] Analysing Branch #193 & Of Height: #81 (Conditional Jump Not Taken)

#  0 @0X7FF8B5E050A6 0X48 0XFF 0X15 0X1B 0XBE 0X1D 0X00
#  1 @0X7FF8B5E050AD 0X0F 0X1F 0X44 0X00 0X00

[!] Analysing Branch #194 & Of Height: #74 (Conditional Jump Not Taken)

#  0 @0X7FF8B5E04F65 0X48 0X8B 0XD0
#  1 @0X7FF8B5E04F68 0X48 0X8B 0X8C 0X24 0XF8 0X00 0X00 0X00
#  2 @0X7FF8B5E04F70 0X48 0XFF 0X15 0X69 0XCC 0X1D 0X00
#  3 @0X7FF8B5E04F77 0X0F 0X1F 0X44 0X00 0X00

[!] Analysing Branch Of Linear Index 195 & Of Height: #74 (Conditional Jump Taken)

#  0 @0X7FF8B5E04F7C 0X8B 0X94 0X24 0X48 0X01 0X00 0X00
#  1 @0X7FF8B5E04F83 0X48 0X8B 0X8C 0X24 0XF8 0X00 0X00 0X00
#  2 @0X7FF8B5E04F8B 0X48 0XFF 0X15 0XAE 0XBB 0X1D 0X00
#  3 @0X7FF8B5E04F92 0X0F 0X1F 0X44 0X00 0X00
#  4 @0X7FF8B5E04F97 0X45 0X33 0XC0
#  5 @0X7FF8B5E04F9A 0X33 0XD2
#  6 @0X7FF8B5E04F9C 0X48 0X8B 0X8C 0X24 0XF8 0X00 0X00 0X00
#  7 @0X7FF8B5E04FA4 0X48 0XFF 0X15 0X1D 0XB9 0X1D 0X00
#  8 @0X7FF8B5E04FAB 0X0F 0X1F 0X44 0X00 0X00
#  9 @0X7FF8B5E04FB0 0X48 0X8B 0X8C 0X24 0X90 0X01 0X00 0X00
# 10 @0X7FF8B5E04FB8 0X48 0XFF 0X15 0X09 0XBF 0X1D 0X00
# 11 @0X7FF8B5E04FBF 0X0F 0X1F 0X44 0X00 0X00

[!] Analysing Branch Of Linear Index 196 & Of Height: #66 (Non Conditional)

#  0 @0X7FF8B5E04D7A 0X84 0XC0
#  1 @0X7FF8B5E04D7C 0X0F 0X84 0XF2 0X00 0X00 0X00
#  2 @0X7FF8B5E04D82 0X48 0XC7 0X84 0X24 0XC8 0X04 0X00 0X00 0X00 0X00 0X00 0X01
#  3 @0X7FF8B5E04D8E 0X48 0X8D 0X84 0X24 0XC8 0X04 0X00 0X00
#  4 @0X7FF8B5E04D96 0X48 0X89 0X84 0X24 0X20 0X1A 0X00 0X00
#  5 @0X7FF8B5E04D9E 0X48 0XC7 0X84 0X24 0X28 0X1A 0X00 0X00 0X08 0X00 0X00 0X00
#  6 @0X7FF8B5E04DAA 0X44 0X89 0XBC 0X24 0XF0 0X02 0X00 0X00
#  7 @0X7FF8B5E04DB2 0X48 0X8D 0X84 0X24 0XF0 0X02 0X00 0X00
#  8 @0X7FF8B5E04DBA 0X48 0X89 0X84 0X24 0X30 0X1A 0X00 0X00
#  9 @0X7FF8B5E04DC2 0X48 0XC7 0X84 0X24 0X38 0X1A 0X00 0X00 0X04 0X00 0X00 0X00
# 10 @0X7FF8B5E04DCE 0X48 0X8B 0X94 0X24 0X30 0X02 0X00 0X00
# 11 @0X7FF8B5E04DD6 0X48 0X8D 0X8C 0X24 0X40 0X1A 0X00 0X00
# 12 @0X7FF8B5E04DDE 0XE8 0X51 0X90 0XFF 0XFF
# 13 @0X7FF8B5E04DE3 0X39 0XB4 0X24 0XD0 0X00 0X00 0X00
# 14 @0X7FF8B5E04DEA 0X0F 0X94 0X84 0X24 0X2D 0X01 0X00 0X00
# 15 @0X7FF8B5E04DF2 0X48 0X8D 0X84 0X24 0X2D 0X01 0X00 0X00
# 16 @0X7FF8B5E04DFA 0X48 0X89 0X84 0X24 0X50 0X1A 0X00 0X00
# 17 @0X7FF8B5E04E02 0X48 0XC7 0X84 0X24 0X58 0X1A 0X00 0X00 0X01 0X00 0X00 0X00
# 18 @0X7FF8B5E04E0E 0X48 0X8B 0X84 0X24 0XB0 0X02 0X00 0X00
# 19 @0X7FF8B5E04E16 0X8B 0X40 0X10
# 20 @0X7FF8B5E04E19 0X89 0X84 0X24 0XF4 0X02 0X00 0X00
# 21 @0X7FF8B5E04E20 0X48 0X8D 0X84 0X24 0XF4 0X02 0X00 0X00
# 22 @0X7FF8B5E04E28 0X48 0X89 0X84 0X24 0X60 0X1A 0X00 0X00
# 23 @0X7FF8B5E04E30 0X48 0XC7 0X84 0X24 0X68 0X1A 0X00 0X00 0X04 0X00 0X00 0X00
# 24 @0X7FF8B5E04E3C 0X48 0X8D 0X84 0X24 0X00 0X1A 0X00 0X00
# 25 @0X7FF8B5E04E44 0X48 0X89 0X44 0X24 0X28
# 26 @0X7FF8B5E04E49 0XC7 0X44 0X24 0X20 0X07 0X00 0X00 0X00
# 27 @0X7FF8B5E04E51 0X4C 0X8D 0X8C 0X24 0X70 0X09 0X00 0X00
# 28 @0X7FF8B5E04E59 0X4C 0X8D 0X84 0X24 0X80 0X09 0X00 0X00
# 29 @0X7FF8B5E04E61 0X48 0X8D 0X15 0X10 0X09 0X2A 0X00
# 30 @0X7FF8B5E04E68 0X48 0X8D 0X0D 0XB1 0X41 0X2E 0X00
# 31 @0X7FF8B5E04E6F 0XE8 0XE4 0X74 0X05 0X00
# 32 @0X7FF8B5E04E74 0X48 0X8B 0X8C 0X24 0X50 0X02 0X00 0X00
# 33 @0X7FF8B5E04E7C 0X48 0X85 0XC9
# 34 @0X7FF8B5E04E7F 0X74 0X0C

[!] Analysing Branch Of Linear Index 197 & Of Height: #58 (Non Conditional)

#  0 @0X7FF8B5E04871 0X48 0X8B 0XD0
#  1 @0X7FF8B5E04874 0X48 0X8D 0X8C 0X24 0X80 0X18 0X00 0X00
#  2 @0X7FF8B5E0487C 0XE8 0XB3 0X95 0XFF 0XFF
#  3 @0X7FF8B5E04881 0X39 0XB4 0X24 0XD0 0X00 0X00 0X00
#  4 @0X7FF8B5E04888 0X0F 0X94 0X84 0X24 0X4E 0X01 0X00 0X00
#  5 @0X7FF8B5E04890 0X48 0X8D 0X84 0X24 0X4E 0X01 0X00 0X00
#  6 @0X7FF8B5E04898 0X48 0X89 0X84 0X24 0X90 0X18 0X00 0X00
#  7 @0X7FF8B5E048A0 0X48 0XC7 0X84 0X24 0X98 0X18 0X00 0X00 0X01 0X00 0X00 0X00
#  8 @0X7FF8B5E048AC 0X48 0X39 0XBC 0X24 0XF8 0X05 0X00 0X00
#  9 @0X7FF8B5E048B4 0X0F 0X95 0X84 0X24 0X4F 0X01 0X00 0X00
# 10 @0X7FF8B5E048BC 0X48 0X8D 0X84 0X24 0X4F 0X01 0X00 0X00
# 11 @0X7FF8B5E048C4 0X48 0X89 0X84 0X24 0XA0 0X18 0X00 0X00
# 12 @0X7FF8B5E048CC 0X48 0XC7 0X84 0X24 0XA8 0X18 0X00 0X00 0X01 0X00 0X00 0X00
# 13 @0X7FF8B5E048D8 0X48 0X39 0XBC 0X24 0X00 0X06 0X00 0X00
# 14 @0X7FF8B5E048E0 0X0F 0X95 0X84 0X24 0X50 0X01 0X00 0X00
# 15 @0X7FF8B5E048E8 0X48 0X8D 0X84 0X24 0X50 0X01 0X00 0X00
# 16 @0X7FF8B5E048F0 0X48 0X89 0X84 0X24 0XB0 0X18 0X00 0X00
# 17 @0X7FF8B5E048F8 0X48 0XC7 0X84 0X24 0XB8 0X18 0X00 0X00 0X01 0X00 0X00 0X00
# 18 @0X7FF8B5E04904 0X39 0XB4 0X24 0X08 0X21 0X00 0X00
# 19 @0X7FF8B5E0490B 0X0F 0X94 0X84 0X24 0X20 0X01 0X00 0X00
# 20 @0X7FF8B5E04913 0X48 0X8D 0X84 0X24 0X20 0X01 0X00 0X00
# 21 @0X7FF8B5E0491B 0X48 0X89 0X84 0X24 0XC0 0X18 0X00 0X00
# 22 @0X7FF8B5E04923 0X48 0XC7 0X84 0X24 0XC8 0X18 0X00 0X00 0X01 0X00 0X00 0X00
# 23 @0X7FF8B5E0492F 0X8B 0X84 0X24 0XE8 0X00 0X00 0X00
# 24 @0X7FF8B5E04936 0X89 0X84 0X24 0XE0 0X02 0X00 0X00
# 25 @0X7FF8B5E0493D 0X48 0X8D 0X84 0X24 0XE0 0X02 0X00 0X00
# 26 @0X7FF8B5E04945 0X48 0X89 0X84 0X24 0XD0 0X18 0X00 0X00
# 27 @0X7FF8B5E0494D 0X48 0XC7 0X84 0X24 0XD8 0X18 0X00 0X00 0X04 0X00 0X00 0X00
# 28 @0X7FF8B5E04959 0X48 0X39 0XBC 0X24 0X70 0X01 0X00 0X00
# 29 @0X7FF8B5E04961 0X0F 0X95 0X84 0X24 0X21 0X01 0X00 0X00
# 30 @0X7FF8B5E04969 0X48 0X8D 0X84 0X24 0X21 0X01 0X00 0X00
# 31 @0X7FF8B5E04971 0X48 0X89 0X84 0X24 0XE0 0X18 0X00 0X00
# 32 @0X7FF8B5E04979 0X48 0XC7 0X84 0X24 0XE8 0X18 0X00 0X00 0X01 0X00 0X00 0X00
# 33 @0X7FF8B5E04985 0X4D 0X8B 0XC6
# 34 @0X7FF8B5E04988 0X48 0X8D 0X94 0X24 0X10 0X08 0X00 0X00
# 35 @0X7FF8B5E04990 0X48 0X8D 0X8C 0X24 0X90 0X06 0X00 0X00
# 36 @0X7FF8B5E04998 0XE8 0XFE 0XDD 0X0D 0X00
# 37 @0X7FF8B5E0499D 0X85 0XC0
# 38 @0X7FF8B5E0499F 0X0F 0X94 0X84 0X24 0X22 0X01 0X00 0X00
# 39 @0X7FF8B5E049A7 0X48 0X8D 0X84 0X24 0X22 0X01 0X00 0X00
# 40 @0X7FF8B5E049AF 0X48 0X89 0X84 0X24 0XF0 0X18 0X00 0X00
# 41 @0X7FF8B5E049B7 0X48 0XC7 0X84 0X24 0XF8 0X18 0X00 0X00 0X01 0X00 0X00 0X00
# 42 @0X7FF8B5E049C3 0X48 0X39 0XBC 0X24 0XD8 0X01 0X00 0X00
# 43 @0X7FF8B5E049CB 0X0F 0X94 0X84 0X24 0X23 0X01 0X00 0X00
# 44 @0X7FF8B5E049D3 0X48 0X8D 0X84 0X24 0X23 0X01 0X00 0X00
# 45 @0X7FF8B5E049DB 0X48 0X89 0X84 0X24 0X00 0X19 0X00 0X00
# 46 @0X7FF8B5E049E3 0X48 0XC7 0X84 0X24 0X08 0X19 0X00 0X00 0X01 0X00 0X00 0X00
# 47 @0X7FF8B5E049EF 0X48 0X8D 0X84 0X24 0X20 0X18 0X00 0X00
# 48 @0X7FF8B5E049F7 0X48 0X8D 0X15 0X0C 0X0F 0X2A 0X00
# 49 @0X7FF8B5E049FE 0XE9 0X65 0X02 0X00 0X00

[!] Analysing Branch Of Linear Index 198 & Of Height: #57 (Non Conditional)

#  0 @0X7FF8B5E047C8 0X84 0XC0
#  1 @0X7FF8B5E047CA 0X0F 0X84 0XBF 0X04 0X00 0X00
#  2 @0X7FF8B5E047D0 0X40 0X88 0XB4 0X24 0X4C 0X01 0X00 0X00
#  3 @0X7FF8B5E047D8 0X48 0X8D 0X84 0X24 0X4C 0X01 0X00 0X00
#  4 @0X7FF8B5E047E0 0X48 0X89 0X84 0X24 0X40 0X18 0X00 0X00
#  5 @0X7FF8B5E047E8 0X48 0XC7 0X84 0X24 0X48 0X18 0X00 0X00 0X01 0X00 0X00 0X00
#  6 @0X7FF8B5E047F4 0X44 0X89 0XBC 0X24 0XDC 0X02 0X00 0X00
#  7 @0X7FF8B5E047FC 0X48 0X8D 0X84 0X24 0XDC 0X02 0X00 0X00
#  8 @0X7FF8B5E04804 0X48 0X89 0X84 0X24 0X50 0X18 0X00 0X00
#  9 @0X7FF8B5E0480C 0X48 0XC7 0X84 0X24 0X58 0X18 0X00 0X00 0X04 0X00 0X00 0X00
# 10 @0X7FF8B5E04818 0X8A 0X84 0X24 0XF5 0X00 0X00 0X00
# 11 @0X7FF8B5E0481F 0X88 0X84 0X24 0X4D 0X01 0X00 0X00
# 12 @0X7FF8B5E04826 0X48 0X8D 0X84 0X24 0X4D 0X01 0X00 0X00
# 13 @0X7FF8B5E0482E 0X48 0X89 0X84 0X24 0X60 0X18 0X00 0X00
# 14 @0X7FF8B5E04836 0X48 0XC7 0X84 0X24 0X68 0X18 0X00 0X00 0X01 0X00 0X00 0X00
# 15 @0X7FF8B5E04842 0X48 0X8B 0X13
# 16 @0X7FF8B5E04845 0X48 0X8D 0X8C 0X24 0X70 0X18 0X00 0X00
# 17 @0X7FF8B5E0484D 0XE8 0XE2 0X95 0XFF 0XFF
# 18 @0X7FF8B5E04852 0X48 0X8B 0X84 0X24 0X00 0X01 0X00 0X00
# 19 @0X7FF8B5E0485A 0X48 0X8B 0X48 0X08
# 20 @0X7FF8B5E0485E 0X48 0X85 0XC9
# 21 @0X7FF8B5E04861 0X74 0X07

[!] Analysing Branch #199 & Of Height: #55 (Conditional Jump Not Taken)

#  0 @0X7FF8B5E04731 0X48 0X8D 0X8C 0X24 0XF0 0X08 0X00 0X00
#  1 @0X7FF8B5E04739 0X48 0XFF 0X15 0X48 0X1F 0X30 0X00
#  2 @0X7FF8B5E04740 0X0F 0X1F 0X44 0X00 0X00

[!] Analysing Branch #200 & Of Height: #49 (Conditional Jump Not Taken)

#  0 @0X7FF8B5E006D4 0X48 0X8D 0X8C 0X24 0XF0 0X08 0X00 0X00
#  1 @0X7FF8B5E006DC 0X48 0XFF 0X15 0XA5 0X5F 0X30 0X00
#  2 @0X7FF8B5E006E3 0X0F 0X1F 0X44 0X00 0X00
#  3 @0X7FF8B5E006E8 0X33 0XD2
#  4 @0X7FF8B5E006EA 0X44 0X8D 0X42 0X58
#  5 @0X7FF8B5E006EE 0X48 0X8D 0X8C 0X24 0XF0 0X08 0X00 0X00
#  6 @0X7FF8B5E006F6 0XE8 0X46 0XB1 0X07 0X00

[!] Analysing Branch #201 & Of Height: #46 (Conditional Jump Not Taken)

#  0 @0X7FF8B5E005E2 0X48 0X8B 0XD0
#  1 @0X7FF8B5E005E5 0X48 0X8B 0X8C 0X24 0XF8 0X00 0X00 0X00
#  2 @0X7FF8B5E005ED 0X48 0XFF 0X15 0XEC 0X15 0X1E 0X00
#  3 @0X7FF8B5E005F4 0X0F 0X1F 0X44 0X00 0X00

[!] Analysing Branch Of Linear Index 202 & Of Height: #46 (Conditional Jump Taken)

#  0 @0X7FF8B5E005F9 0XBA 0X2D 0X02 0X00 0XC0
#  1 @0X7FF8B5E005FE 0X48 0X8B 0X8C 0X24 0XF8 0X00 0X00 0X00
#  2 @0X7FF8B5E00606 0X48 0XFF 0X15 0X33 0X05 0X1E 0X00
#  3 @0X7FF8B5E0060D 0X0F 0X1F 0X44 0X00 0X00
#  4 @0X7FF8B5E00612 0X45 0X33 0XC0
#  5 @0X7FF8B5E00615 0X33 0XD2
#  6 @0X7FF8B5E00617 0X48 0X8B 0X8C 0X24 0XF8 0X00 0X00 0X00
#  7 @0X7FF8B5E0061F 0X48 0XFF 0X15 0XA2 0X02 0X1E 0X00
#  8 @0X7FF8B5E00626 0X0F 0X1F 0X44 0X00 0X00
#  9 @0X7FF8B5E0062B 0X48 0X8B 0X8C 0X24 0X90 0X01 0X00 0X00
# 10 @0X7FF8B5E00633 0X48 0XFF 0X15 0X8E 0X08 0X1E 0X00
# 11 @0X7FF8B5E0063A 0X0F 0X1F 0X44 0X00 0X00
# 12 @0X7FF8B5E0063F 0X48 0X89 0XBC 0X24 0X90 0X01 0X00 0X00

[!] Analysing Branch #203 & Of Height: #44 (Conditional Jump Not Taken)

#  0 @0X7FF8B5E00586 0X48 0XFF 0X15 0XE3 0X60 0X30 0X00
#  1 @0X7FF8B5E0058D 0X0F 0X1F 0X44 0X00 0X00
#  2 @0X7FF8B5E00592 0X48 0X8B 0X84 0X24 0X80 0X01 0X00 0X00

[!] Analysing Branch Of Linear Index 204 & Of Height: #44 (Conditional Jump Taken)

#  0 @0X7FF8B5E0059A 0X48 0X89 0X84 0X24 0XF8 0X03 0X00 0X00
#  1 @0X7FF8B5E005A2 0X48 0X89 0XBC 0X24 0X80 0X01 0X00 0X00

[!] Analysing Branch #205 & Of Height: #40 (Conditional Jump Not Taken)

#  0 @0X7FF8B5E004D8 0X48 0X8B 0X84 0X24 0XB0 0X04 0X00 0X00
#  1 @0X7FF8B5E004E0 0X48 0X89 0X84 0X24 0X08 0X01 0X00 0X00

[!] Analysing Branch Of Linear Index 206 & Of Height: #40 (Conditional Jump Taken)

#  0 @0X7FF8B5E004E8 0X4C 0X8B 0X84 0X24 0XA0 0X02 0X00 0X00
#  1 @0X7FF8B5E004F0 0X33 0XD2
#  2 @0X7FF8B5E004F2 0X49 0X8B 0XCC
#  3 @0X7FF8B5E004F5 0X48 0XFF 0X15 0X3C 0X0D 0X1E 0X00
#  4 @0X7FF8B5E004FC 0X0F 0X1F 0X44 0X00 0X00
#  5 @0X7FF8B5E00501 0X48 0X89 0XBC 0X24 0XA0 0X02 0X00 0X00

[!] Analysing Branch #207 & Of Height: #38 (Conditional Jump Not Taken)

#  0 @0X7FF8B5E00456 0X48 0X8B 0X84 0X24 0XA8 0X04 0X00 0X00
#  1 @0X7FF8B5E0045E 0X48 0X89 0X84 0X24 0X18 0X01 0X00 0X00

[!] Analysing Branch Of Linear Index 208 & Of Height: #38 (Conditional Jump Taken)

#  0 @0X7FF8B5E00466 0X4C 0X8B 0X84 0X24 0X78 0X02 0X00 0X00
#  1 @0X7FF8B5E0046E 0X33 0XD2
#  2 @0X7FF8B5E00470 0X49 0X8B 0XCC
#  3 @0X7FF8B5E00473 0X48 0XFF 0X15 0XBE 0X0D 0X1E 0X00
#  4 @0X7FF8B5E0047A 0X0F 0X1F 0X44 0X00 0X00
#  5 @0X7FF8B5E0047F 0X48 0X89 0XBC 0X24 0X78 0X02 0X00 0X00

[!] Analysing Branch #209 & Of Height: #37 (Conditional Jump Not Taken)

#  0 @0X7FF8B5E0041F 0X48 0X8B 0X84 0X24 0XA8 0X04 0X00 0X00
#  1 @0X7FF8B5E00427 0X48 0X89 0X84 0X24 0X18 0X01 0X00 0X00
#  2 @0X7FF8B5E0042F 0X48 0X8B 0X84 0X24 0XB0 0X04 0X00 0X00
#  3 @0X7FF8B5E00437 0X48 0X89 0X84 0X24 0X08 0X01 0X00 0X00

[!] Analysing Branch #210 & Of Height: #35 (Conditional Jump Not Taken)

#  0 @0X7FF8B5E003B9 0X48 0X8B 0X5A 0X10

[!] Analysing Branch #211 & Of Height: #34 (Conditional Jump Not Taken)

#  0 @0X7FF8B5E0039E 0X48 0X8B 0X98 0X28 0X02 0X00 0X00
#  1 @0X7FF8B5E003A5 0XEB 0X16

[!] Analysing Branch Of Linear Index 212 & Of Height: #36 (Non Conditional)

#  0 @0X7FF8B5E003BD 0X48 0X89 0X9C 0X24 0XC0 0X01 0X00 0X00
#  1 @0X7FF8B5E003C5 0X48 0X89 0X9C 0X24 0X98 0X01 0X00 0X00
#  2 @0X7FF8B5E003CD 0XEB 0X3D

[!] Analysing Branch Of Linear Index 213 & Of Height: #33 (Non Conditional)

#  0 @0X7FF8B5E00351 0X44 0X8B 0XBC 0X24 0X10 0X01 0X00 0X00
#  1 @0X7FF8B5E00359 0X44 0X89 0XBC 0X24 0X88 0X03 0X00 0X00
#  2 @0X7FF8B5E00361 0X48 0X8B 0X9C 0X24 0X10 0X03 0X00 0X00
#  3 @0X7FF8B5E00369 0X48 0X89 0X9C 0X24 0XC0 0X01 0X00 0X00
#  4 @0X7FF8B5E00371 0X48 0X89 0X9C 0X24 0X98 0X01 0X00 0X00
#  5 @0X7FF8B5E00379 0X48 0X8B 0X84 0X24 0X38 0X06 0X00 0X00
#  6 @0X7FF8B5E00381 0X48 0X89 0X84 0X24 0X70 0X01 0X00 0X00
#  7 @0X7FF8B5E00389 0X48 0X8B 0X84 0X24 0X60 0X01 0X00 0X00
#  8 @0X7FF8B5E00391 0X48 0X85 0XC0
#  9 @0X7FF8B5E00394 0X74 0X11

[!] Analysing Branch Of Linear Index 214 & Of Height: #32 (Non Conditional)

#  0 @0X7FF8B5DFFF23 0X89 0XBC 0X24 0XD0 0X00 0X00 0X00
#  1 @0X7FF8B5DFFF2A 0XE9 0X7B 0X47 0X00 0X00

[!] Analysing Branch Of Linear Index 215 & Of Height: #33 (Non Conditional)

#  0 @0X7FF8B5E046AA 0X48 0X8B 0X9C 0X24 0XD8 0X00 0X00 0X00

[!] Analysing Branch Of Linear Index 216 & Of Height: #30 (Non Conditional)

#  0 @0X7FF8B5DFFF1E 0XE8 0X4D 0X22 0XF9 0XFF

[!] Analysing Branch #217 & Of Height: #29 (Conditional Jump Not Taken)

#  0 @0X7FF8B5E001A8 0X0F 0XBA 0XF0 0X08
#  1 @0X7FF8B5E001AC 0X89 0X84 0X24 0XCC 0X06 0X00 0X00

[!] Analysing Branch #218 & Of Height: #28 (Conditional Jump Not Taken)

#  0 @0X7FF8B5E00177 0X39 0XBC 0X24 0XE4 0X03 0X00 0X00
#  1 @0X7FF8B5E0017E 0X74 0X14

[!] Analysing Branch #219 & Of Height: #29 (Conditional Jump Not Taken)

#  0 @0X7FF8B5E00180 0X8B 0X84 0X24 0XE8 0X00 0X00 0X00
#  1 @0X7FF8B5E00187 0X0F 0XBA 0XF0 0X0C
#  2 @0X7FF8B5E0018B 0X0B 0XC3
#  3 @0X7FF8B5E0018D 0X89 0X84 0X24 0XE8 0X00 0X00 0X00

[!] Analysing Branch #220 & Of Height: #24 (Conditional Jump Not Taken)

#  0 @0X7FF8B5E000A6 0X48 0X8B 0X8C 0X24 0X10 0X04 0X00 0X00
#  1 @0X7FF8B5E000AE 0XE8 0XBD 0XA4 0X0D 0X00
#  2 @0X7FF8B5E000B3 0X85 0XC0
#  3 @0X7FF8B5E000B5 0X74 0X25

[!] Analysing Branch #221 & Of Height: #25 (Conditional Jump Not Taken)

#  0 @0X7FF8B5E000B7 0X4C 0X8D 0X84 0X24 0XB8 0X05 0X00 0X00
#  1 @0X7FF8B5E000BF 0X48 0X8D 0X94 0X24 0XD4 0X00 0X00 0X00
#  2 @0X7FF8B5E000C7 0X48 0X8D 0X8C 0X24 0X00 0X0A 0X00 0X00
#  3 @0X7FF8B5E000CF 0XE8 0X18 0X96 0X0D 0X00
#  4 @0X7FF8B5E000D4 0X48 0X89 0X84 0X24 0XB0 0X05 0X00 0X00

[!] Analysing Branch #222 & Of Height: #21 (Conditional Jump Not Taken)

#  0 @0X7FF8B5DFFE51 0X44 0X8B 0XC6
#  1 @0X7FF8B5DFFE54 0X48 0X8D 0X94 0X24 0X38 0X04 0X00 0X00
#  2 @0X7FF8B5DFFE5C 0X48 0XFF 0X15 0X75 0X1D 0X1E 0X00
#  3 @0X7FF8B5DFFE63 0X0F 0X1F 0X44 0X00 0X00
#  4 @0X7FF8B5DFFE68 0X89 0X84 0X24 0XE0 0X00 0X00 0X00
#  5 @0X7FF8B5DFFE6F 0X85 0XC0
#  6 @0X7FF8B5DFFE71 0X79 0X1B

[!] Analysing Branch #223 & Of Height: #22 (Conditional Jump Not Taken)

#  0 @0X7FF8B5DFFE73 0X8B 0XC8
#  1 @0X7FF8B5DFFE75 0XE8 0XF6 0X22 0XF9 0XFF
#  2 @0X7FF8B5DFFE7A 0X48 0X8D 0X15 0X8C 0X58 0X00 0X00
#  3 @0X7FF8B5DFFE81 0X48 0X8B 0X8C 0X24 0X70 0X07 0X00 0X00
#  4 @0X7FF8B5DFFE89 0XE8 0X01 0X29 0X0E 0X00

[!] Analysing Branch Of Linear Index 224 & Of Height: #22 (Conditional Jump Taken)

#  0 @0X7FF8B5DFFE8E 0X48 0X8B 0X84 0X24 0X38 0X04 0X00 0X00
#  1 @0X7FF8B5DFFE96 0X48 0X89 0X84 0X24 0X70 0X01 0X00 0X00
#  2 @0X7FF8B5DFFE9E 0X0F 0XBA 0XAC 0X24 0XE8 0X00 0X00 0X00 0X0A

[!] Analysing Branch #225 & Of Height: #16 (Conditional Jump Not Taken)

#  0 @0X7FF8B5DFFBD9 0X8B 0XC8
#  1 @0X7FF8B5DFFBDB 0XE9 0X28 0X5B 0X00 0X00

[!] Analysing Branch Of Linear Index 226 & Of Height: #16 (Conditional Jump Taken)

#  0 @0X7FF8B5DFFBE0 0X48 0XFF 0X15 0XE9 0X1F 0X1E 0X00
#  1 @0X7FF8B5DFFBE7 0X0F 0X1F 0X44 0X00 0X00
#  2 @0X7FF8B5DFFBEC 0X48 0X8B 0XC8
#  3 @0X7FF8B5DFFBEF 0X48 0X89 0X84 0X24 0X98 0X03 0X00 0X00
#  4 @0X7FF8B5DFFBF7 0X44 0X84 0XAC 0X24 0XE8 0X00 0X00 0X00
#  5 @0X7FF8B5DFFBFF 0X74 0X12

[!] Analysing Branch #227 & Of Height: #17 (Conditional Jump Not Taken)

#  0 @0X7FF8B5DFFC01 0X44 0X09 0XAC 0X24 0XF0 0X00 0X00 0X00
#  1 @0X7FF8B5DFFC09 0XEB 0X08

[!] Analysing Branch Of Linear Index 228 & Of Height: #16 (Non Conditional)

#  0 @0X7FF8B5DFFC13 0X48 0XC7 0X84 0X24 0X08 0X0A 0X00 0X00 0X05 0X00 0X02 0X00
#  1 @0X7FF8B5DFFC1F 0X48 0X89 0XBC 0X24 0X20 0X0A 0X00 0X00
#  2 @0X7FF8B5DFFC27 0X48 0XC7 0X84 0X24 0X28 0X0A 0X00 0X00 0X03 0X00 0X01 0X00
#  3 @0X7FF8B5DFFC33 0X48 0XC7 0X84 0X24 0X30 0X0A 0X00 0X00 0X10 0X00 0X00 0X00
#  4 @0X7FF8B5DFFC3F 0X48 0X89 0XBC 0X24 0X40 0X0A 0X00 0X00
#  5 @0X7FF8B5DFFC47 0X48 0X8D 0X84 0X24 0XC0 0X05 0X00 0X00
#  6 @0X7FF8B5DFFC4F 0X48 0X89 0X84 0X24 0X38 0X0A 0X00 0X00
#  7 @0X7FF8B5DFFC57 0X48 0XC7 0X84 0X24 0X48 0X0A 0X00 0X00 0X06 0X00 0X00 0X00
#  8 @0X7FF8B5DFFC63 0X48 0XC7 0X84 0X24 0X50 0X0A 0X00 0X00 0X40 0X00 0X00 0X00
#  9 @0X7FF8B5DFFC6F 0X48 0X89 0XBC 0X24 0X60 0X0A 0X00 0X00
# 10 @0X7FF8B5DFFC77 0X48 0X8D 0X84 0X24 0X10 0X07 0X00 0X00
# 11 @0X7FF8B5DFFC7F 0X48 0X89 0X84 0X24 0X58 0X0A 0X00 0X00
# 12 @0X7FF8B5DFFC87 0XC7 0X84 0X24 0XD4 0X00 0X00 0X00 0X03 0X00 0X00 0X00
# 13 @0X7FF8B5DFFC92 0XB8 0X03 0X00 0X00 0X00
# 14 @0X7FF8B5DFFC97 0X41 0XBF 0X08 0X00 0X00 0X00
# 15 @0X7FF8B5DFFC9D 0X48 0X85 0XC9
# 16 @0X7FF8B5DFFCA0 0X74 0X34

[!] Analysing Branch Of Linear Index 229 & Of Height: #17 (Non Conditional)

#  0 @0X7FF8B5E05708 0XE8 0X63 0XCA 0XF8 0XFF

[!] Analysing Branch Of Linear Index 230 & Of Height: #11 (Non Conditional)

#  0 @0X7FF8B5DFFB68 0X41 0XBD 0X02 0X00 0X00 0X00

[!] Analysing Branch Of Linear Index 231 & Of Height: #12 (Non Conditional)

#  0 @0X7FF8B5DFFB6E 0X88 0X84 0X24 0X78 0X01 0X00 0X00
#  1 @0X7FF8B5DFFB75 0X81 0XE1 0X1F 0X3E 0XFF 0XFF
#  2 @0X7FF8B5DFFB7B 0X89 0X8C 0X24 0XE8 0X00 0X00 0X00
#  3 @0X7FF8B5DFFB82 0X0F 0XBA 0XE1 0X12
#  4 @0X7FF8B5DFFB86 0X73 0X08

[!] Analysing Branch #232 & Of Height: #05 (Conditional Jump Not Taken)

#  0 @0X7FF8B5DFFB00 0X0B 0XCA
#  1 @0X7FF8B5DFFB02 0X89 0X8C 0X24 0XE8 0X00 0X00 0X00

[!] Analysing Branch #233 & Of Height: #02 (Conditional Jump Not Taken)

#  0 @0X7FF8B5DFF771 0XB9 0X30 0X00 0X00 0XC0
#  1 @0X7FF8B5DFF776 0XE9 0X8D 0X5F 0X00 0X00